#-----------------------------------------------------------
# Webtalk v2015.2 (64-bit)
# SW Build 1266856 on Fri Jun 26 16:35:25 MDT 2015
# IP Build 1264090 on Wed Jun 24 14:22:01 MDT 2015
<<<<<<< HEAD
# Start of session at: Fri May 29 16:57:45 2020
# Process ID: 16616
# Log file: E:/VivadoFiles/Verilog-CNN/project_1/project_1.sim/sim_1/behav/webtalk.log
# Journal file: E:/VivadoFiles/Verilog-CNN/project_1/project_1.sim/sim_1/behav\webtalk.jou
#-----------------------------------------------------------
source E:/VivadoFiles/Verilog-CNN/project_1/project_1.sim/sim_1/behav/xsim.dir/tanh_activation_function_tb_behav/webtalk/xsim_webtalk.tcl -notrace

    while executing
"webtalk_transmit -clientid 2681946016 -regid "" -xml E:/VivadoFiles/Verilog-CNN/project_1/project_1.sim/sim_1/behav/xsim.dir/tanh_activation_function_..."
    (file "E:/VivadoFiles/Verilog-CNN/project_1/project_1.sim/sim_1/behav/xsim.dir/tanh_activation_function_tb_behav/webtalk/xsim_webtalk.tcl" line 32)
INFO: [Common 17-206] Exiting Webtalk at Fri May 29 16:57:48 2020...
=======
# Start of session at: Sun May 31 11:02:50 2020
# Process ID: 22000
# Log file: C:/Users/DELL/Desktop/Git logic/Verilog-CNN/project_1/project_1.sim/sim_1/behav/webtalk.log
# Journal file: C:/Users/DELL/Desktop/Git logic/Verilog-CNN/project_1/project_1.sim/sim_1/behav\webtalk.jou
#-----------------------------------------------------------
source C:/Users/DELL/Desktop/Git -notrace
couldn't read file "C:/Users/DELL/Desktop/Git": no such file or directory
INFO: [Common 17-206] Exiting Webtalk at Sun May 31 11:02:50 2020...
>>>>>>> d7b5dfc926cbc15d6b6c19f180d20e990c22fc66
