#-----------------------------------------------------------
# Vivado v2015.2 (64-bit)
# SW Build 1266856 on Fri Jun 26 16:35:25 MDT 2015
# IP Build 1264090 on Wed Jun 24 14:22:01 MDT 2015
# Start of session at: Tue Apr 14 22:03:25 2020
# Process ID: 26108
# Log file: E:/trashCan/Projects/Assign/project_1/vivado.log
# Journal file: E:/trashCan/Projects/Assign/project_1\vivado.jou
#-----------------------------------------------------------
start_gui
open_project E:/trashCan/Projects/Assign/project_1/project_1.xpr
INFO: [Project 1-313] Project file moved from 'K:/Year 2 CCE-C/Term 2/Logic 2/Verilog-CNN/project_1' since last save.
Scanning sources...
Finished scanning sources
WARNING: [Project 1-509] GeneratedRun file for 'synth_1' INFO: [Common 17-206] Exiting Vivado at Tue Apr 14 22:10:08 2020...
P_Flow 19-1704] No user IP repositories specified
INFO: [IP_Flow 19-2313] Loaded Vivado IP repository 'E:/Xilinx/Vivado/2015.2/data/ip'.
open_project: Time (s): cpu = 00:00:15 ; elapsed = 00:00:07 . Memory (MB): peak = 791.012 ; gain = 193.875
launch_runs synth_1
[Tue Apr 14 22:52:36 2020] Launched synth_1...
Run output will be captured here: E:/trashCan/Projects/Assign/project_1/project_1.runs/synth_1/runme.log
reset_run synth_1
launch_runs synth_1
[Tue Apr 14 22:58:36 2020] Launched synth_1...
Run output will be captured here: E:/trashCan/Projects/Assign/project_1/project_1.runs/synth_1/runme.log
set_property top weights_Memory [current_fileset]
reset_run synth_1
launch_runs synth_1
[Tue Apr 14 23:00:17 2020] Launched synth_1...
Run output will be captured here: E:/trashCan/Projects/Assign/project_1/project_1.runs/synth_1/runme.log
set_property top add_flp3_tb [current_fileset]
launch_simulation
INFO: [USF-XSim-27] Simulation object is 'sim_1'
INFO: [USF-XSim-37] Inspecting design source files for 'PE_FC_ANN_tb' in fileset 'sim_1'...
INFO: [USF-XSim-97] Finding global include files...
INFO: [USF-XSim-100] Fetching design files from 'sources_1'...(this may take a while)...
INFO: [USF-XSim-101] Fetching design files from 'sim_1'...
INFO: [USF-XSim-2] XSim::Compile design
INFO: [USF-XSim-61] Executing 'COMPILE' step in 'E:/trashCan/Projects/Assign/project_1/project_1.sim/sim_1/behav'
"xvlog -m64 --relax -prj PE_FC_ANN_tb_vlog.prj"
INFO: [VRFC 10-2263] Analyzing Verilog file "E:/trashCan/Projects/Assign/tuturu.v" into library xil_defaultlib
INFO: [VRFC 10-311] analyzing module fpMul
INFO: [VRFC 10-2263] Analyzing Verilog file "E:/trashCan/Projects/Assign/tb.v" into library xil_defaultlib
INFO: [VRFC 10-311] analyzing module mul_flp_tb
INFO: [VRFC 10-2263] Analyzing Verilog file "E:/trashCan/Projects/Assign/fp_add.v" into library xil_defaultlib
INFO: [VRFC 10-311] analyzing module fp_add
INFO: [VRFC 10-2263] Analyzing Verilog file "E:/trashCan/Projects/Assign/fp_add_tb.v" into library xil_defaultlib
INFO: [VRFC 10-311] analyzing module add_flp3_tb
INFO: [VRFC 10-2263] Analyzing Verilog file "E:/trashCan/Projects/Assign/project_1/project_1.sim/sim_1/behav/glbl.v" into library xil_defaultlib
INFO: [VRFC 10-311] analyzing module glbl
INFO: [VRFC 10-2263] Analyzing Verilog file "E:/trashCan/Projects/Assign/PE_FC_ANN.v" into library xil_defaultlib
INFO: [VRFC 10-311] analyzing module PE_FC_ANN
INFO: [VRFC 10-2263] Analyzing Verilog file "E:/trashCan/Projects/Assign/weights_Memory.v" into library xil_defaultlib
INFO: [VRFC 10-311] analyzing module weights_Memory
INFO: [VRFC 10-2263] Analyzing Verilog file "E:/trashCan/Projects/Assign/FC_Layer_ANN.v" into library xil_defaultlib
INFO: [VRFC 10-311] analyzing module FC_Layer_ANN
INFO: [VRFC 10-2263] Analyzing Verilog file "E:/trashCan/Projects/Assign/project_1/project_1.srcs/sources_1/new/ReLU.v" into library xil_defaultlib
INFO: [VRFC 10-311] analyzing module ReLU
INFO: [VRFC 10-2263] Analyzing Verilog file "E:/trashCan/Projects/Assign/project_1/project_1.srcs/sources_1/new/PE_FC_ANN_tb.v" into library xil_defaultlib
INFO: [VRFC 10-311] analyzing module PE_FC_ANN_tb
INFO: [VRFC 10-2263] Analyzing Verilog file "E:/trashCan/Projects/Assign/project_1/project_1.sim/sim_1/behav/glbl.v" into library xil_defaultlib
INFO: [VRFC 10-311] analyzing module glbl
WARNING: [VRFC 10-1195] overwriting previous definition of module glbl [E:/trashCan/Projects/Assign/project_1/project_1.sim/sim_1/behav/glbl.v:6]
INFO: [USF-XSim-3] XSim::Elaborate design
INFO: [USF-XSim-61] Executing 'ELABORATE' step in 'E:/trashCan/Projects/Assign/project_1/project_1.sim/sim_1/behav'
Vivado Simulator 2015.2
Copyright 1986-1999, 2001-2015 Xilinx, Inc. All Rights Reserved.
Running: E:/Xilinx/Vivado/2015.2/bin/unwrapped/win64.o/xelab.exe -wto 0bd8e4f971914d9c91763b877ea9f543 --debug typical --relax --mt 2 -L xil_defaultlib -L unisims_ver -L unimacro_ver -L secureip --snapshot PE_FC_ANN_tb_behav xil_defaultlib.PE_FC_ANN_tb xil_defaultlib.glbl -log elaborate.log 
Using 2 slave threads.
Starting static elaboration
Completed static elaboration
Starting simulation data flow analysis
WARNING: [XSIM 43-4100] "E:/trashCan/Projects/Assign/tuturu.v" Line 2. Module fpMul has a timescale but at least one module in design doesn't have timescale.
WARNING: [XSIM 43-4100] "E:/trashCan/Projects/Assign/project_1/project_1.sim/sim_1/behav/glbl.v" Line 6. Module glbl has a timescale but at least one module in design doesn't have timescale.
WARNING: [XSIM 43-4100] "E:/trashCan/Projects/Assign/tuturu.v" Line 2. Module fpMul has a timescale but at least one module in design doesn't have timescale.
WARNING: [XSIM 43-4100] "E:/trashCan/Projects/Assign/project_1/project_1.sim/sim_1/behav/glbl.v" Line 6. Module glbl has a timescale but at least one module in design doesn't have timescale.
Completed simulation data flow analysis
Time Resolution for simulation is 1ps
Compiling module xil_defaultlib.fpMul
Compiling module xil_defaultlib.fp_add
Compiling module xil_defaultlib.PE_FC_ANN
Compiling module xil_defaultlib.PE_FC_ANN_tb
Compiling module xil_defaultlib.glbl
Waiting for 2 sub-compilation(s) to finish...
Built simulation snapshot PE_FC_ANN_tb_behav

****** Webtalk v2015.2 (64-bit)
  **** SW Build 1266856 on Fri Jun 26 16:35:25 MDT 2015
  **** IP Build 1264090 on Wed Jun 24 14:22:01 MDT 2015
    ** Copyright 1986-2015 Xilinx, Inc. All Rights Reserved.

source E:/trashCan/Projects/Assign/project_1/project_1.sim/sim_1/behav/xsim.dir/PE_FC_ANN_tb_behav/webtalk/xsim_webtalk.tcl -notrace

    while executing
"webtalk_transmit -clientid 4066134757 -regid "" -xml E:/trashCan/Projects/Assign/project_1/project_1.sim/sim_1/behav/xsim.dir/PE_FC_ANN_tb_behav/webta..."
    (file "E:/trashCan/Projects/Assign/project_1/project_1.sim/sim_1/behav/xsim.dir/PE_FC_ANN_tb_behav/webtalk/xsim_webtalk.tcl" line 41)
INFO: [Common 17-206] Exiting Webtalk at Tue Apr 14 23:33:29 2020...
run_program: Time (s): cpu = 00:00:00 ; elapsed = 00:00:09 . Memory (MB): peak = 861.148 ; gain = 0.000
INFO: [USF-XSim-4] XSim::Simulate design
INFO: [USF-XSim-61] Executing 'SIMULATE' step in 'E:/trashCan/Projects/Assign/project_1/project_1.sim/sim_1/behav'
INFO: [USF-XSim-98] *** Running xsim
   with args "PE_FC_ANN_tb_behav -key {Behavioral:sim_1:Functional:PE_FC_ANN_tb} -tclbatch {PE_FC_ANN_tb.tcl} -log {simulate.log}"
INFO: [USF-XSim-8] Loading simulator feature
Vivado Simulator 2015.2
Time resolution is 1 ps
source PE_FC_ANN_tb.tcl
# set curr_wave [current_wave_config]
# if { [string length $curr_wave] == 0 } {
#   if { [llength [get_objects]] > 0} {
#     add_wave /
#     set_property needs_save false [current_wave_config]
#   } else {
#      send_msg_id Add_Wave-1 WARNING "No top level signals found. Simulator will start without a wave window. If you want to open a wave window go to 'File->New Waveform Configuration' or type 'create_wave_config' in the TCL console."
#   }
# }
# run 1000ns
INFO: [USF-XSim-96] XSim completed. Design snapshot 'PE_FC_ANN_tb_behav' loaded.
INFO: [USF-XSim-97] XSim simulation ran for 1000ns
launch_simulation: Time (s): cpu = 00:00:05 ; elapsed = 00:00:16 . Memory (MB): peak = 861.148 ; gain = 0.000
set_property top add_flp3_tb [get_filesets sim_1]
set_property top_lib xil_defaultlib [get_filesets sim_1]
launch_simulation
WARNING: [Vivado 12-3661] Failed to remove file:E:/trashCan/Projects/Assign/project_1/project_1.sim/sim_1/behav/PE_FC_ANN_tb_behav.wdb
WARNING: [Vivado 12-3661] Failed to remove file:E:/trashCan/Projects/Assign/project_1/project_1.sim/sim_1/behav/simulate.log
WARNING: [Vivado 12-3661] Failed to remove file:E:/trashCan/Projects/Assign/project_1/project_1.sim/sim_1/behav/xelab.pb
INFO: [USF-XSim-27] Simulation object is 'sim_1'
INFO: [USF-XSim-37] Inspecting design source files for 'add_flp3_tb' in fileset 'sim_1'...
INFO: [USF-XSim-97] Finding global include files...
INFO: [USF-XSim-100] Fetching design files from 'sources_1'...(this may take a while)...
INFO: [USF-XSim-101] Fetching design files from 'sim_1'...
INFO: [USF-XSim-2] XSim::Compile design
INFO: [USF-XSim-61] Executing 'COMPILE' step in 'E:/trashCan/Projects/Assign/project_1/project_1.sim/sim_1/behav'
"xvlog -m64 --relax -prj add_flp3_tb_vlog.prj"
INFO: [VRFC 10-2263] Analyzing Verilog file "E:/trashCan/Projects/Assign/tuturu.v" into library xil_defaultlib
INFO: [VRFC 10-311] analyzing module fpMul
INFO: [VRFC 10-2263] Analyzing Verilog file "E:/trashCan/Projects/Assign/tb.v" into library xil_defaultlib
INFO: [VRFC 10-311] analyzing module mul_flp_tb
INFO: [VRFC 10-2263] Analyzing Verilog file "E:/trashCan/Projects/Assign/fp_add.v" into library xil_defaultlib
INFO: [VRFC 10-311] analyzing module fp_add
INFO: [VRFC 10-2263] Analyzing Verilog file "E:/trashCan/Projects/Assign/fp_add_tb.v" into library xil_defaultlib
INFO: [VRFC 10-311] analyzing module add_flp3_tb
INFO: [VRFC 10-2263] Analyzing Verilog file "E:/trashCan/Projects/Assign/project_1/project_1.sim/sim_1/behav/glbl.v" into library xil_defaultlib
INFO: [VRFC 10-311] analyzing module glbl
INFO: [VRFC 10-2263] Analyzing Verilog file "E:/trashCan/Projects/Assign/PE_FC_ANN.v" into library xil_defaultlib
INFO: [VRFC 10-311] analyzing module PE_FC_ANN
INFO: [VRFC 10-2263] Analyzing Verilog file "E:/trashCan/Projects/Assign/weights_Memory.v" into library xil_defaultlib
INFO: [VRFC 10-311] analyzing module weights_Memory
INFO: [VRFC 10-2263] Analyzing Verilog file "E:/trashCan/Projects/Assign/FC_Layer_ANN.v" into library xil_defaultlib
INFO: [VRFC 10-311] analyzing module FC_Layer_ANN
INFO: [VRFC 10-2263] Analyzing Verilog file "E:/trashCan/Projects/Assign/project_1/project_1.srcs/sources_1/new/ReLU.v" into library xil_defaultlib
INFO: [VRFC 10-311] analyzing module ReLU
INFO: [VRFC 10-2263] Analyzing Verilog file "E:/trashCan/Projects/Assign/project_1/project_1.srcs/sources_1/new/PE_FC_ANN_tb.v" into library xil_defaultlib
INFO: [VRFC 10-311] analyzing module PE_FC_ANN_tb
INFO: [VRFC 10-2263] Analyzing Verilog file "E:/trashCan/Projects/Assign/project_1/project_1.sim/sim_1/behav/glbl.v" into library xil_defaultlib
INFO: [VRFC 10-311] analyzing module glbl
WARNING: [VRFC 10-1195] overwriting previous definition of module glbl [E:/trashCan/Projects/Assign/project_1/project_1.sim/sim_1/behav/glbl.v:6]
INFO: [USF-XSim-3] XSim::Elaborate design
INFO: [USF-XSim-61] Executing 'ELABORATE' step in 'E:/trashCan/Projects/Assign/project_1/project_1.sim/sim_1/behav'
Vivado Simulator 2015.2
Copyright 1986-1999, 2001-2015 Xilinx, Inc. All Rights Reserved.
Running: E:/Xilinx/Vivado/2015.2/bin/unwrapped/win64.o/xelab.exe -wto 0bd8e4f971914d9c91763b877ea9f543 --debug typical --relax --mt 2 -L xil_defaultlib -L unisims_ver -L unimacro_ver -L secureip --snapshot add_flp3_tb_behav xil_defaultlib.add_flp3_tb xil_defaultlib.glbl -log elaborate.log 
Using 2 slave threads.
Starting static elaboration
Completed static elaboration
Starting simulation data flow analysis
WARNING: [XSIM 43-4100] "E:/trashCan/Projects/Assign/project_1/project_1.sim/sim_1/behav/glbl.v" Line 6. Module glbl has a timescale but at least one module in design doesn't have timescale.
WARNING: [XSIM 43-4100] "E:/trashCan/Projects/Assign/project_1/project_1.sim/sim_1/behav/glbl.v" Line 6. Module glbl has a timescale but at least one module in design doesn't have timescale.
Completed simulation data flow analysis
Time Resolution for simulation is 1ps
Compiling module xil_defaultlib.fp_add
Compiling module xil_defaultlib.add_flp3_tb
Compiling module xil_defaultlib.glbl
Waiting for 2 sub-compilation(s) to finish...
Built simulation snapshot add_flp3_tb_behav

****** Webtalk v2015.2 (64-bit)
  **** SW Build 1266856 on Fri Jun 26 16:35:25 MDT 2015
  **** IP Build 1264090 on Wed Jun 24 14:22:01 MDT 2015
    ** Copyright 1986-2015 Xilinx, Inc. All Rights Reserved.

source E:/trashCan/Projects/Assign/project_1/project_1.sim/sim_1/behav/xsim.dir/add_flp3_tb_behav/webtalk/xsim_webtalk.tcl -notrace

    while executing
"webtalk_transmit -clientid 4013603182 -regid "" -xml E:/trashCan/Projects/Assign/project_1/project_1.sim/sim_1/behav/xsim.dir/add_flp3_tb_behav/webtal..."
    (file "E:/trashCan/Projects/Assign/project_1/project_1.sim/sim_1/behav/xsim.dir/add_flp3_tb_behav/webtalk/xsim_webtalk.tcl" line 41)
INFO: [Common 17-206] Exiting Webtalk at Tue Apr 14 23:34:34 2020...
run_program: Time (s): cpu = 00:00:01 ; elapsed = 00:00:06 . Memory (MB): peak = 884.609 ; gain = 0.000
INFO: [USF-XSim-4] XSim::Simulate design
INFO: [USF-XSim-61] Executing 'SIMULATE' step in 'E:/trashCan/Projects/Assign/project_1/project_1.sim/sim_1/behav'
INFO: [USF-XSim-98] *** Running xsim
   with args "add_flp3_tb_behav -key {Behavioral:sim_1:Functional:add_flp3_tb} -tclbatch {add_flp3_tb.tcl} -log {simulate.log}"
INFO: [USF-XSim-8] Loading simulator feature
Vivado Simulator 2015.2
Time resolution is 1 ps
source add_flp3_tb.tcl
# set curr_wave [current_wave_config]
# if { [string length $curr_wave] == 0 } {
#   if { [llength [get_objects]] > 0} {
#     add_wave /
#     set_property needs_save false [current_wave_config]
#   } else {
#      send_msg_id Add_Wave-1 WARNING "No top level signals found. Simulator will start without a wave window. If you want to open a wave window go to 'File->New Waveform Configuration' or type 'create_wave_config' in the TCL console."
#   }
# }
# run 1000ns
sign=0, exp_biased=10000001, sum=11101000000000000000000
sign=0, exp_biased=10000010, sum=10100000000000000000000
sign=1, exp_biased=10000010, sum=01000000000000000000000
sign=1, exp_biased=10000001, sum=00000000000000000000000
INFO: [USF-XSim-96] XSim completed. Design snapshot 'add_flp3_tb_behav' loaded.
INFO: [USF-XSim-97] XSim simulation ran for 1000ns
launch_simulation: Time (s): cpu = 00:00:06 ; elapsed = 00:00:10 . Memory (MB): peak = 884.609 ; gain = 0.000
INFO: [Simtcl 6-16] Simulation closed
close_sim: Time (s): cpu = 00:00:03 ; elapsed = 00:00:08 . Memory (MB): peak = 884.609 ; gain = 0.000
launch_simulation
WARNING: [Vivado 12-3661] Failed to remove file:E:/trashCan/Projects/Assign/project_1/project_1.sim/sim_1/behav/PE_FC_ANN_tb_behav.wdb
WARNING: [Vivado 12-3661] Failed to remove file:E:/trashCan/Projects/Assign/project_1/project_1.sim/sim_1/behav/simulate.log
WARNING: [Vivado 12-3661] Failed to remove file:E:/trashCan/Projects/Assign/project_1/project_1.sim/sim_1/behav/xelab.pb
INFO: [USF-XSim-27] Simulation object is 'sim_1'
INFO: [USF-XSim-37] Inspecting design source files for 'add_flp3_tb' in fileset 'sim_1'...
INFO: [USF-XSim-97] Finding global include files...
INFO: [USF-XSim-100] Fetching design files from 'sources_1'...(this may take a while)...
INFO: [USF-XSim-101] Fetching design files from 'sim_1'...
INFO: [USF-XSim-2] XSim::Compile design
INFO: [USF-XSim-61] Executing 'COMPILE' step in 'E:/trashCan/Projects/Assign/project_1/project_1.sim/sim_1/behav'
"xvlog -m64 --relax -prj add_flp3_tb_vlog.prj"
INFO: [VRFC 10-2263] Analyzing Verilog file "E:/trashCan/Projects/Assign/tuturu.v" into library xil_defaultlib
INFO: [VRFC 10-311] analyzing module fpMul
INFO: [VRFC 10-2263] Analyzing Verilog file "E:/trashCan/Projects/Assign/tb.v" into library xil_defaultlib
INFO: [VRFC 10-311] analyzing module mul_flp_tb
INFO: [VRFC 10-2263] Analyzing Verilog file "E:/trashCan/Projects/Assign/fp_add.v" into library xil_defaultlib
INFO: [VRFC 10-311] analyzing module fp_add
INFO: [VRFC 10-2263] Analyzing Verilog file "E:/trashCan/Projects/Assign/fp_add_tb.v" into library xil_defaultlib
INFO: [VRFC 10-311] analyzing module add_flp3_tb
INFO: [VRFC 10-2263] Analyzing Verilog file "E:/trashCan/Projects/Assign/project_1/project_1.sim/sim_1/behav/glbl.v" into library xil_defaultlib
INFO: [VRFC 10-311] analyzing module glbl
INFO: [VRFC 10-2263] Analyzing Verilog file "E:/trashCan/Projects/Assign/PE_FC_ANN.v" into library xil_defaultlib
INFO: [VRFC 10-311] analyzing module PE_FC_ANN
INFO: [VRFC 10-2263] Analyzing Verilog file "E:/trashCan/Projects/Assign/weights_Memory.v" into library xil_defaultlib
INFO: [VRFC 10-311] analyzing module weights_Memory
INFO: [VRFC 10-2263] Analyzing Verilog file "E:/trashCan/Projects/Assign/FC_Layer_ANN.v" into library xil_defaultlib
INFO: [VRFC 10-311] analyzing module FC_Layer_ANN
INFO: [VRFC 10-2263] Analyzing Verilog file "E:/trashCan/Projects/Assign/project_1/project_1.srcs/sources_1/new/ReLU.v" into library xil_defaultlib
INFO: [VRFC 10-311] analyzing module ReLU
INFO: [VRFC 10-2263] Analyzing Verilog file "E:/trashCan/Projects/Assign/project_1/project_1.srcs/sources_1/new/PE_FC_ANN_tb.v" into library xil_defaultlib
INFO: [VRFC 10-311] analyzing module PE_FC_ANN_tb
INFO: [VRFC 10-2263] Analyzing Verilog file "E:/trashCan/Projects/Assign/project_1/project_1.sim/sim_1/behav/glbl.v" into library xil_defaultlib
INFO: [VRFC 10-311] analyzing module glbl
WARNING: [VRFC 10-1195] overwriting previous definition of module glbl [E:/trashCan/Projects/Assign/project_1/project_1.sim/sim_1/behav/glbl.v:6]
INFO: [USF-XSim-3] XSim::Elaborate design
INFO: [USF-XSim-61] Executing 'ELABORATE' step in 'E:/trashCan/Projects/Assign/project_1/project_1.sim/sim_1/behav'
Vivado Simulator 2015.2
Copyright 1986-1999, 2001-2015 Xilinx, Inc. All Rights Reserved.
Running: E:/Xilinx/Vivado/2015.2/bin/unwrapped/win64.o/xelab.exe -wto 0bd8e4f971914d9c91763b877ea9f543 --debug typical --relax --mt 2 -L xil_defaultlib -L unisims_ver -L unimacro_ver -L secureip --snapshot add_flp3_tb_behav xil_defaultlib.add_flp3_tb xil_defaultlib.glbl -log elaborate.log 
Using 2 slave threads.
Starting static elaboration
Completed static elaboration
Starting simulation data flow analysis
WARNING: [XSIM 43-4100] "E:/trashCan/Projects/Assign/project_1/project_1.sim/sim_1/behav/glbl.v" Line 6. Module glbl has a timescale but at least one module in design doesn't have timescale.
WARNING: [XSIM 43-4100] "E:/trashCan/Projects/Assign/project_1/project_1.sim/sim_1/behav/glbl.v" Line 6. Module glbl has a timescale but at least one module in design doesn't have timescale.
Completed simulation data flow analysis
Time Resolution for simulation is 1ps
Compiling module xil_defaultlib.fp_add
Compiling module xil_defaultlib.add_flp3_tb
Compiling module xil_defaultlib.glbl
Waiting for 2 sub-compilation(s) to finish...
Built simulation snapshot add_flp3_tb_behav

****** Webtalk v2015.2 (64-bit)
  **** SW Build 1266856 on Fri Jun 26 16:35:25 MDT 2015
  **** IP Build 1264090 on Wed Jun 24 14:22:01 MDT 2015
    ** Copyright 1986-2015 Xilinx, Inc. All Rights Reserved.

source E:/trashCan/Projects/Assign/project_1/project_1.sim/sim_1/behav/xsim.dir/add_flp3_tb_behav/webtalk/xsim_webtalk.tcl -notrace

    while executing
"webtalk_transmit -clientid 1282361781 -regid "" -xml E:/trashCan/Projects/Assign/project_1/project_1.sim/sim_1/behav/xsim.dir/add_flp3_tb_behav/webtal..."
    (file "E:/trashCan/Projects/Assign/project_1/project_1.sim/sim_1/behav/xsim.dir/add_flp3_tb_behav/webtalk/xsim_webtalk.tcl" line 41)
INFO: [Common 17-206] Exiting Webtalk at Tue Apr 14 23:39:44 2020...
run_program: Time (s): cpu = 00:00:01 ; elapsed = 00:00:06 . Memory (MB): peak = 884.609 ; gain = 0.000
INFO: [USF-XSim-4] XSim::Simulate design
INFO: [USF-XSim-61] Executing 'SIMULATE' step in 'E:/trashCan/Projects/Assign/project_1/project_1.sim/sim_1/behav'
INFO: [USF-XSim-98] *** Running xsim
   with args "add_flp3_tb_behav -key {Behavioral:sim_1:Functional:add_flp3_tb} -tclbatch {add_flp3_tb.tcl} -log {simulate.log}"
INFO: [USF-XSim-8] Loading simulator feature
Vivado Simulator 2015.2
Time resolution is 1 ps
source add_flp3_tb.tcl
# set curr_wave [current_wave_config]
# if { [string length $curr_wave] == 0 } {
#   if { [llength [get_objects]] > 0} {
#     add_wave /
#     set_property needs_save false [current_wave_config]
#   } else {
#      send_msg_id Add_Wave-1 WARNING "No top level signals found. Simulator will start without a wave window. If you want to open a wave window go to 'File->New Waveform Configuration' or type 'create_wave_config' in the TCL console."
#   }
# }
# run 1000ns
sign=0, exp_biased=10000001, sum=11101000000000000000000
sign=0, exp_biased=10000010, sum=10100000000000000000000
sign=1, exp_biased=10000010, sum=01000000000000000000000
INFO: [USF-XSim-96] XSim completed. Design snapshot 'add_flp3_tb_behav' loaded.
INFO: [USF-XSim-97] XSim simulation ran for 1000ns
launch_simulation: Time (s): cpu = 00:00:04 ; elapsed = 00:00:11 . Memory (MB): peak = 884.609 ; gain = 0.000
step
Stopped at time : 270 ns : File "E:/trashCan/Projects/Assign/fp_add_tb.v" Line 28
step
Stopped at time : 280 ns : File "E:/trashCan/Projects/Assign/fp_add_tb.v" Line 28
step
Stopped at time : 280 ns : File "E:/trashCan/Projects/Assign/fp_add_tb.v" Line 29
step
Stopped at time : 280 ns : File "E:/trashCan/Projects/Assign/fp_add_tb.v" Line 31
step
Stopped at time : 290 ns : File "E:/trashCan/Projects/Assign/fp_add_tb.v" Line 31
step
Stopped at time : 290 ns : File "E:/trashCan/Projects/Assign/fp_add_tb.v" Line 32
step
Stopped at time : 290 ns : File "E:/trashCan/Projects/Assign/fp_add_tb.v" Line 34
step
Stopped at time : 290 ns : File "E:/trashCan/Projects/Assign/fp_add.v" Line 19
step
Stopped at time : 290 ns : File "E:/trashCan/Projects/Assign/fp_add.v" Line 20
step
Stopped at time : 290 ns : File "E:/trashCan/Projects/Assign/fp_add.v" Line 21
step
Stopped at time : 290 ns : File "E:/trashCan/Projects/Assign/fp_add.v" Line 22
run 10 s
sign=1, exp_biased=10000001, sum=00000000000000000000000
step
Stopped at time : 300 ns : File "E:/trashCan/Projects/Assign/fp_add_tb.v" Line 35
step
Stopped at time : 300 ns : File "E:/trashCan/Projects/Assign/fp_add_tb.v" Line 36
step
Stopped at time : 300 ns : File "E:/trashCan/Projects/Assign/fp_add_tb.v" Line 38
step
Stopped at time : 300 ns : File "E:/trashCan/Projects/Assign/fp_add.v" Line 19
step
Stopped at time : 300 ns : File "E:/trashCan/Projects/Assign/fp_add.v" Line 20
step
Stopped at time : 300 ns : File "E:/trashCan/Projects/Assign/fp_add.v" Line 21
step
Stopped at time : 300 ns : File "E:/trashCan/Projects/Assign/fp_add.v" Line 22
step
Stopped at time : 300 ns : File "E:/trashCan/Projects/Assign/fp_add.v" Line 23
step
Stopped at time : 300 ns : File "E:/trashCan/Projects/Assign/fp_add.v" Line 24
step
Stopped at time : 300 ns : File "E:/trashCan/Projects/Assign/fp_add.v" Line 26
step
Stopped at time : 300 ns : File "E:/trashCan/Projects/Assign/fp_add.v" Line 33
step
Stopped at time : 300 ns : File "E:/trashCan/Projects/Assign/fp_add.v" Line 35
step
Stopped at time : 300 ns : File "E:/trashCan/Projects/Assign/fp_add.v" Line 36
step
Stopped at time : 300 ns : File "E:/trashCan/Projects/Assign/fp_add.v" Line 37
step
Stopped at time : 300 ns : File "E:/trashCan/Projects/Assign/fp_add.v" Line 40
step
Stopped at time : 300 ns : File "E:/trashCan/Projects/Assign/fp_add.v" Line 49
step
Stopped at time : 300 ns : File "E:/trashCan/Projects/Assign/fp_add.v" Line 57
step
Stopped at time : 300 ns : File "E:/trashCan/Projects/Assign/fp_add.v" Line 58
step
Stopped at time : 300 ns : File "E:/trashCan/Projects/Assign/fp_add.v" Line 62
step
Stopped at time : 300 ns : File "E:/trashCan/Projects/Assign/fp_add.v" Line 66
step
Stopped at time : 300 ns : File "E:/trashCan/Projects/Assign/fp_add.v" Line 73
step
Stopped at time : 300 ns : File "E:/trashCan/Projects/Assign/fp_add.v" Line 73
step
Stopped at time : 300 ns : File "E:/trashCan/Projects/Assign/fp_add.v" Line 74
step
Stopped at time : 300 ns : File "E:/trashCan/Projects/Assign/fp_add.v" Line 75
step
Stopped at time : 300 ns : File "E:/trashCan/Projects/Assign/fp_add.v" Line 73
step
Stopped at time : 300 ns : File "E:/trashCan/Projects/Assign/fp_add.v" Line 73
step
Stopped at time : 300 ns : File "E:/trashCan/Projects/Assign/fp_add.v" Line 74
step
Stopped at time : 300 ns : File "E:/trashCan/Projects/Assign/fp_add.v" Line 75
step
Stopped at time : 300 ns : File "E:/trashCan/Projects/Assign/fp_add.v" Line 73
step
Stopped at time : 300 ns : File "E:/trashCan/Projects/Assign/fp_add.v" Line 73
step
Stopped at time : 300 ns : File "E:/trashCan/Projects/Assign/fp_add.v" Line 74
step
Stopped at time : 300 ns : File "E:/trashCan/Projects/Assign/fp_add.v" Line 75
step
Stopped at time : 300 ns : File "E:/trashCan/Projects/Assign/fp_add.v" Line 73
step
Stopped at time : 300 ns : File "E:/trashCan/Projects/Assign/fp_add.v" Line 73
step
Stopped at time : 300 ns : File "E:/trashCan/Projects/Assign/fp_add.v" Line 74
step
Stopped at time : 300 ns : File "E:/trashCan/Projects/Assign/fp_add.v" Line 75
step
Stopped at time : 300 ns : File "E:/trashCan/Projects/Assign/fp_add.v" Line 73
step
Stopped at time : 300 ns : File "E:/trashCan/Projects/Assign/fp_add.v" Line 73
step
Stopped at time : 300 ns : File "E:/trashCan/Projects/Assign/fp_add.v" Line 74
step
Stopped at time : 300 ns : File "E:/trashCan/Projects/Assign/fp_add.v" Line 75
step
Stopped at time : 300 ns : File "E:/trashCan/Projects/Assign/fp_add.v" Line 73
step
Stopped at time : 300 ns : File "E:/trashCan/Projects/Assign/fp_add.v" Line 73
step
Stopped at time : 300 ns : File "E:/trashCan/Projects/Assign/fp_add.v" Line 77
step
Stopped at time : 300 ns : File "E:/trashCan/Projects/Assign/fp_add.v" Line 78
step
Stopped at time : 300 ns : File "E:/trashCan/Projects/Assign/fp_add.v" Line 80
step
Stopped at time : 300 ns : File "E:/trashCan/Projects/Assign/fp_add.v" Line 17
step
sign=0, exp_biased=10000000, sum=00000000000000000000000
Stopped at time : 310 ns : File "E:/trashCan/Projects/Assign/fp_add_tb.v" Line 38
INFO: [Simtcl 6-16] Simulation closed
close_sim: Time (s): cpu = 00:00:03 ; elapsed = 00:00:06 . Memory (MB): peak = 884.609 ; gain = 0.000
launch_simulation
WARNING: [Vivado 12-3661] Failed to remove file:E:/trashCan/Projects/Assign/project_1/project_1.sim/sim_1/behav/PE_FC_ANN_tb_behav.wdb
WARNING: [Vivado 12-3661] Failed to remove file:E:/trashCan/Projects/Assign/project_1/project_1.sim/sim_1/behav/simulate.log
WARNING: [Vivado 12-3661] Failed to remove file:E:/trashCan/Projects/Assign/project_1/project_1.sim/sim_1/behav/xelab.pb
INFO: [USF-XSim-27] Simulation object is 'sim_1'
INFO: [USF-XSim-37] Inspecting design source files for 'add_flp3_tb' in fileset 'sim_1'...
INFO: [USF-XSim-97] Finding global include files...
INFO: [USF-XSim-100] Fetching design files from 'sources_1'...(this may take a while)...
INFO: [USF-XSim-101] Fetching design files from 'sim_1'...
INFO: [USF-XSim-2] XSim::Compile design
INFO: [USF-XSim-61] Executing 'COMPILE' step in 'E:/trashCan/Projects/Assign/project_1/project_1.sim/sim_1/behav'
"xvlog -m64 --relax -prj add_flp3_tb_vlog.prj"
INFO: [VRFC 10-2263] Analyzing Verilog file "E:/trashCan/Projects/Assign/tuturu.v" into library xil_defaultlib
INFO: [VRFC 10-311] analyzing module fpMul
INFO: [VRFC 10-2263] Analyzing Verilog file "E:/trashCan/Projects/Assign/tb.v" into library xil_defaultlib
INFO: [VRFC 10-311] analyzing module mul_flp_tb
INFO: [VRFC 10-2263] Analyzing Verilog file "E:/trashCan/Projects/Assign/fp_add.v" into library xil_defaultlib
INFO: [VRFC 10-311] analyzing module fp_add
INFO: [VRFC 10-2263] Analyzing Verilog file "E:/trashCan/Projects/Assign/fp_add_tb.v" into library xil_defaultlib
INFO: [VRFC 10-311] analyzing module add_flp3_tb
INFO: [VRFC 10-2263] Analyzing Verilog file "E:/trashCan/Projects/Assign/project_1/project_1.sim/sim_1/behav/glbl.v" into library xil_defaultlib
INFO: [VRFC 10-311] analyzing module glbl
INFO: [VRFC 10-2263] Analyzing Verilog file "E:/trashCan/Projects/Assign/PE_FC_ANN.v" into library xil_defaultlib
INFO: [VRFC 10-311] analyzing module PE_FC_ANN
INFO: [VRFC 10-2263] Analyzing Verilog file "E:/trashCan/Projects/Assign/weights_Memory.v" into library xil_defaultlib
INFO: [VRFC 10-311] analyzing module weights_Memory
INFO: [VRFC 10-2263] Analyzing Verilog file "E:/trashCan/Projects/Assign/FC_Layer_ANN.v" into library xil_defaultlib
INFO: [VRFC 10-311] analyzing module FC_Layer_ANN
INFO: [VRFC 10-2263] Analyzing Verilog file "E:/trashCan/Projects/Assign/project_1/project_1.srcs/sources_1/new/ReLU.v" into library xil_defaultlib
INFO: [VRFC 10-311] analyzing module ReLU
INFO: [VRFC 10-2263] Analyzing Verilog file "E:/trashCan/Projects/Assign/project_1/project_1.srcs/sources_1/new/PE_FC_ANN_tb.v" into library xil_defaultlib
INFO: [VRFC 10-311] analyzing module PE_FC_ANN_tb
INFO: [VRFC 10-2263] Analyzing Verilog file "E:/trashCan/Projects/Assign/project_1/project_1.sim/sim_1/behav/glbl.v" into library xil_defaultlib
INFO: [VRFC 10-311] analyzing module glbl
WARNING: [VRFC 10-1195] overwriting previous definition of module glbl [E:/trashCan/Projects/Assign/project_1/project_1.sim/sim_1/behav/glbl.v:6]
INFO: [USF-XSim-3] XSim::Elaborate design
INFO: [USF-XSim-61] Executing 'ELABORATE' step in 'E:/trashCan/Projects/Assign/project_1/project_1.sim/sim_1/behav'
Vivado Simulator 2015.2
Copyright 1986-1999, 2001-2015 Xilinx, Inc. All Rights Reserved.
Running: E:/Xilinx/Vivado/2015.2/bin/unwrapped/win64.o/xelab.exe -wto 0bd8e4f971914d9c91763b877ea9f543 --debug typical --relax --mt 2 -L xil_defaultlib -L unisims_ver -L unimacro_ver -L secureip --snapshot add_flp3_tb_behav xil_defaultlib.add_flp3_tb xil_defaultlib.glbl -log elaborate.log 
Using 2 slave threads.
Starting static elaboration
Completed static elaboration
Starting simulation data flow analysis
WARNING: [XSIM 43-4100] "E:/trashCan/Projects/Assign/project_1/project_1.sim/sim_1/behav/glbl.v" Line 6. Module glbl has a timescale but at least one module in design doesn't have timescale.
WARNING: [XSIM 43-4100] "E:/trashCan/Projects/Assign/project_1/project_1.sim/sim_1/behav/glbl.v" Line 6. Module glbl has a timescale but at least one module in design doesn't have timescale.
Completed simulation data flow analysis
Time Resolution for simulation is 1ps
Compiling module xil_defaultlib.fp_add
Compiling module xil_defaultlib.add_flp3_tb
Compiling module xil_defaultlib.glbl
Waiting for 2 sub-compilation(s) to finish...
Built simulation snapshot add_flp3_tb_behav

****** Webtalk v2015.2 (64-bit)
  **** SW Build 1266856 on Fri Jun 26 16:35:25 MDT 2015
  **** IP Build 1264090 on Wed Jun 24 14:22:01 MDT 2015
    ** Copyright 1986-2015 Xilinx, Inc. All Rights Reserved.

source E:/trashCan/Projects/Assign/project_1/project_1.sim/sim_1/behav/xsim.dir/add_flp3_tb_behav/webtalk/xsim_webtalk.tcl -notrace

    while executing
"webtalk_transmit -clientid 177270855 -regid "" -xml E:/trashCan/Projects/Assign/project_1/project_1.sim/sim_1/behav/xsim.dir/add_flp3_tb_behav/webtalk..."
    (file "E:/trashCan/Projects/Assign/project_1/project_1.sim/sim_1/behav/xsim.dir/add_flp3_tb_behav/webtalk/xsim_webtalk.tcl" line 41)
INFO: [Common 17-206] Exiting Webtalk at Tue Apr 14 23:42:50 2020...
run_program: Time (s): cpu = 00:00:01 ; elapsed = 00:00:06 . Memory (MB): peak = 884.609 ; gain = 0.000
INFO: [USF-XSim-4] XSim::Simulate design
INFO: [USF-XSim-61] Executing 'SIMULATE' step in 'E:/trashCan/Projects/Assign/project_1/project_1.sim/sim_1/behav'
INFO: [USF-XSim-98] *** Running xsim
   with args "add_flp3_tb_behav -key {Behavioral:sim_1:Functional:add_flp3_tb} -tclbatch {add_flp3_tb.tcl} -log {simulate.log}"
INFO: [USF-XSim-8] Loading simulator feature
Vivado Simulator 2015.2
Time resolution is 1 ps
source add_flp3_tb.tcl
# set curr_wave [current_wave_config]
# if { [string length $curr_wave] == 0 } {
#   if { [llength [get_objects]] > 0} {
#     add_wave /
#     set_property needs_save false [current_wave_config]
#   } else {
#      send_msg_id Add_Wave-1 WARNING "No top level signals found. Simulator will start without a wave window. If you want to open a wave window go to 'File->New Waveform Configuration' or type 'create_wave_config' in the TCL console."
#   }
# }
# run 1000ns
sign=0, exp_biased=10000001, sum=11101000000000000000000
sign=0, exp_biased=10000010, sum=10100000000000000000000
sign=1, exp_biased=10000010, sum=01000000000000000000000
sign=1, exp_biased=10000001, sum=00000000000000000000000
sign=0, exp_biased=10000000, sum=00000000000000000000000
INFO: [USF-XSim-96] XSim completed. Design snapshot 'add_flp3_tb_behav' loaded.
INFO: [USF-XSim-97] XSim simulation ran for 1000ns
launch_simulation: Time (s): cpu = 00:00:03 ; elapsed = 00:00:11 . Memory (MB): peak = 884.609 ; gain = 0.000
set_property top mul_flp_tb [get_filesets sim_1]
set_property top_lib xil_defaultlib [get_filesets sim_1]
launch_simulation
WARNING: [Vivado 12-3661] Failed to remove file:E:/trashCan/Projects/Assign/project_1/project_1.sim/sim_1/behav/add_flp3_tb_behav.wdb
WARNING: [Vivado 12-3661] Failed to remove file:E:/trashCan/Projects/Assign/project_1/project_1.sim/sim_1/behav/PE_FC_ANN_tb_behav.wdb
WARNING: [Vivado 12-3661] Failed to remove file:E:/trashCan/Projects/Assign/project_1/project_1.sim/sim_1/behav/simulate.log
WARNING: [Vivado 12-3661] Failed to remove file:E:/trashCan/Projects/Assign/project_1/project_1.sim/sim_1/behav/xelab.pb
INFO: [USF-XSim-27] Simulation object is 'sim_1'
INFO: [USF-XSim-37] Inspecting design source files for 'mul_flp_tb' in fileset 'sim_1'...
INFO: [USF-XSim-97] Finding global include files...
INFO: [USF-XSim-100] Fetching design files from 'sources_1'...(this may take a while)...
INFO: [USF-XSim-101] Fetching design files from 'sim_1'...
INFO: [USF-XSim-2] XSim::Compile design
INFO: [USF-XSim-61] Executing 'COMPILE' step in 'E:/trashCan/Projects/Assign/project_1/project_1.sim/sim_1/behav'
"xvlog -m64 --relax -prj mul_flp_tb_vlog.prj"
INFO: [VRFC 10-2263] Analyzing Verilog file "E:/trashCan/Projects/Assign/tuturu.v" into library xil_defaultlib
INFO: [VRFC 10-311] analyzing module fpMul
INFO: [VRFC 10-2263] Analyzing Verilog file "E:/trashCan/Projects/Assign/tb.v" into library xil_defaultlib
INFO: [VRFC 10-311] analyzing module mul_flp_tb
INFO: [VRFC 10-2263] Analyzing Verilog file "E:/trashCan/Projects/Assign/fp_add.v" into library xil_defaultlib
INFO: [VRFC 10-311] analyzing module fp_add
INFO: [VRFC 10-2263] Analyzing Verilog file "E:/trashCan/Projects/Assign/fp_add_tb.v" into library xil_defaultlib
INFO: [VRFC 10-311] analyzing module add_flp3_tb
INFO: [VRFC 10-2263] Analyzing Verilog file "E:/trashCan/Projects/Assign/project_1/project_1.sim/sim_1/behav/glbl.v" into library xil_defaultlib
INFO: [VRFC 10-311] analyzing module glbl
INFO: [VRFC 10-2263] Analyzing Verilog file "E:/trashCan/Projects/Assign/PE_FC_ANN.v" into library xil_defaultlib
INFO: [VRFC 10-311] analyzing module PE_FC_ANN
INFO: [VRFC 10-2263] Analyzing Verilog file "E:/trashCan/Projects/Assign/weights_Memory.v" into library xil_defaultlib
INFO: [VRFC 10-311] analyzing module weights_Memory
INFO: [VRFC 10-2263] Analyzing Verilog file "E:/trashCan/Projects/Assign/FC_Layer_ANN.v" into library xil_defaultlib
INFO: [VRFC 10-311] analyzing module FC_Layer_ANN
INFO: [VRFC 10-2263] Analyzing Verilog file "E:/trashCan/Projects/Assign/project_1/project_1.srcs/sources_1/new/ReLU.v" into library xil_defaultlib
INFO: [VRFC 10-311] analyzing module ReLU
INFO: [VRFC 10-2263] Analyzing Verilog file "E:/trashCan/Projects/Assign/project_1/project_1.srcs/sources_1/new/PE_FC_ANN_tb.v" into library xil_defaultlib
INFO: [VRFC 10-311] analyzing module PE_FC_ANN_tb
INFO: [VRFC 10-2263] Analyzing Verilog file "E:/trashCan/Projects/Assign/project_1/project_1.sim/sim_1/behav/glbl.v" into library xil_defaultlib
INFO: [VRFC 10-311] analyzing module glbl
WARNING: [VRFC 10-1195] overwriting previous definition of module glbl [E:/trashCan/Projects/Assign/project_1/project_1.sim/sim_1/behav/glbl.v:6]
INFO: [USF-XSim-3] XSim::Elaborate design
INFO: [USF-XSim-61] Executing 'ELABORATE' step in 'E:/trashCan/Projects/Assign/project_1/project_1.sim/sim_1/behav'
Vivado Simulator 2015.2
Copyright 1986-1999, 2001-2015 Xilinx, Inc. All Rights Reserved.
Running: E:/Xilinx/Vivado/2015.2/bin/unwrapped/win64.o/xelab.exe -wto 0bd8e4f971914d9c91763b877ea9f543 --debug typical --relax --mt 2 -L xil_defaultlib -L unisims_ver -L unimacro_ver -L secureip --snapshot mul_flp_tb_behav xil_defaultlib.mul_flp_tb xil_defaultlib.glbl -log elaborate.log 
Using 2 slave threads.
Starting static elaboration
Completed static elaboration
Starting simulation data flow analysis
WARNING: [XSIM 43-4100] "E:/trashCan/Projects/Assign/tuturu.v" Line 2. Module fpMul has a timescale but at least one module in design doesn't have timescale.
WARNING: [XSIM 43-4100] "E:/trashCan/Projects/Assign/project_1/project_1.sim/sim_1/behav/glbl.v" Line 6. Module glbl has a timescale but at least one module in design doesn't have timescale.
WARNING: [XSIM 43-4100] "E:/trashCan/Projects/Assign/tuturu.v" Line 2. Module fpMul has a timescale but at least one module in design doesn't have timescale.
WARNING: [XSIM 43-4100] "E:/trashCan/Projects/Assign/project_1/project_1.sim/sim_1/behav/glbl.v" Line 6. Module glbl has a timescale but at least one module in design doesn't have timescale.
Completed simulation data flow analysis
Time Resolution for simulation is 1ps
Compiling module xil_defaultlib.fpMul
Compiling module xil_defaultlib.mul_flp_tb
Compiling module xil_defaultlib.glbl
Waiting for 2 sub-compilation(s) to finish...
Built simulation snapshot mul_flp_tb_behav

****** Webtalk v2015.2 (64-bit)
  **** SW Build 1266856 on Fri Jun 26 16:35:25 MDT 2015
  **** IP Build 1264090 on Wed Jun 24 14:22:01 MDT 2015
    ** Copyright 1986-2015 Xilinx, Inc. All Rights Reserved.

source E:/trashCan/Projects/Assign/project_1/project_1.sim/sim_1/behav/xsim.dir/mul_flp_tb_behav/webtalk/xsim_webtalk.tcl -notrace

    while executing
"webtalk_transmit -clientid 1059791669 -regid "" -xml E:/trashCan/Projects/Assign/project_1/project_1.sim/sim_1/behav/xsim.dir/mul_flp_tb_behav/webtalk..."
    (file "E:/trashCan/Projects/Assign/project_1/project_1.sim/sim_1/behav/xsim.dir/mul_flp_tb_behav/webtalk/xsim_webtalk.tcl" line 41)
INFO: [Common 17-206] Exiting Webtalk at Tue Apr 14 23:44:25 2020...
INFO: [USF-XSim-4] XSim::Simulate design
INFO: [USF-XSim-61] Executing 'SIMULATE' step in 'E:/trashCan/Projects/Assign/project_1/project_1.sim/sim_1/behav'
INFO: [USF-XSim-98] *** Running xsim
   with args "mul_flp_tb_behav -key {Behavioral:sim_1:Functional:mul_flp_tb} -tclbatch {mul_flp_tb.tcl} -log {simulate.log}"
INFO: [USF-XSim-8] Loading simulator feature
Vivado Simulator 2015.2
Time resolution is 1 ps
source mul_flp_tb.tcl
# set curr_wave [current_wave_config]
# if { [string length $curr_wave] == 0 } {
#   if { [llength [get_objects]] > 0} {
#     add_wave /
#     set_property needs_save false [current_wave_config]
#   } else {
#      send_msg_id Add_Wave-1 WARNING "No top level signals found. Simulator will start without a wave window. If you want to open a wave window go to 'File->New Waveform Configuration' or type 'create_wave_config' in the TCL console."
#   }
# }
# run 1000ns
INFO: [USF-XSim-96] XSim completed. Design snapshot 'mul_flp_tb_behav' loaded.
INFO: [USF-XSim-97] XSim simulation ran for 1000ns
launch_simulation: Time (s): cpu = 00:00:02 ; elapsed = 00:00:08 . Memory (MB): peak = 884.609 ; gain = 0.000
set_property top PE_FC_ANN_tb [get_filesets sim_1]
set_property top_lib xil_defaultlib [get_filesets sim_1]
close_sim
INFO: [Simtcl 6-16] Simulation closed
launch_simulation
WARNING: [Vivado 12-3661] Failed to remove file:E:/trashCan/Projects/Assign/project_1/project_1.sim/sim_1/behav/add_flp3_tb_behav.wdb
WARNING: [Vivado 12-3661] Failed to remove file:E:/trashCan/Projects/Assign/project_1/project_1.sim/sim_1/behav/mul_flp_tb_behav.wdb
WARNING: [Vivado 12-3661] Failed to remove file:E:/trashCan/Projects/Assign/project_1/project_1.sim/sim_1/behav/PE_FC_ANN_tb_behav.wdb
WARNING: [Vivado 12-3661] Failed to remove file:E:/trashCan/Projects/Assign/project_1/project_1.sim/sim_1/behav/simulate.log
WARNING: [Vivado 12-3661] Failed to remove file:E:/trashCan/Projects/Assign/project_1/project_1.sim/sim_1/behav/xelab.pb
INFO: [USF-XSim-27] Simulation object is 'sim_1'
INFO: [USF-XSim-37] Inspecting design source files for 'PE_FC_ANN_tb' in fileset 'sim_1'...
INFO: [USF-XSim-97] Finding global include files...
INFO: [USF-XSim-100] Fetching design files from 'sources_1'...(this may take a while)...
INFO: [USF-XSim-101] Fetching design files from 'sim_1'...
INFO: [USF-XSim-2] XSim::Compile design
INFO: [USF-XSim-61] Executing 'COMPILE' step in 'E:/trashCan/Projects/Assign/project_1/project_1.sim/sim_1/behav'
"xvlog -m64 --relax -prj PE_FC_ANN_tb_vlog.prj"
INFO: [VRFC 10-2263] Analyzing Verilog file "E:/trashCan/Projects/Assign/tuturu.v" into library xil_defaultlib
INFO: [VRFC 10-311] analyzing module fpMul
INFO: [VRFC 10-2263] Analyzing Verilog file "E:/trashCan/Projects/Assign/tb.v" into library xil_defaultlib
INFO: [VRFC 10-311] analyzing module mul_flp_tb
INFO: [VRFC 10-2263] Analyzing Verilog file "E:/trashCan/Projects/Assign/fp_add.v" into library xil_defaultlib
INFO: [VRFC 10-311] analyzing module fp_add
INFO: [VRFC 10-2263] Analyzing Verilog file "E:/trashCan/Projects/Assign/fp_add_tb.v" into library xil_defaultlib
INFO: [VRFC 10-311] analyzing module add_flp3_tb
INFO: [VRFC 10-2263] Analyzing Verilog file "E:/trashCan/Projects/Assign/project_1/project_1.sim/sim_1/behav/glbl.v" into library xil_defaultlib
INFO: [VRFC 10-311] analyzing module glbl
INFO: [VRFC 10-2263] Analyzing Verilog file "E:/trashCan/Projects/Assign/PE_FC_ANN.v" into library xil_defaultlib
INFO: [VRFC 10-311] analyzing module PE_FC_ANN
INFO: [VRFC 10-2263] Analyzing Verilog file "E:/trashCan/Projects/Assign/weights_Memory.v" into library xil_defaultlib
INFO: [VRFC 10-311] analyzing module weights_Memory
INFO: [VRFC 10-2263] Analyzing Verilog file "E:/trashCan/Projects/Assign/FC_Layer_ANN.v" into library xil_defaultlib
INFO: [VRFC 10-311] analyzing module FC_Layer_ANN
INFO: [VRFC 10-2263] Analyzing Verilog file "E:/trashCan/Projects/Assign/project_1/project_1.srcs/sources_1/new/ReLU.v" into library xil_defaultlib
INFO: [VRFC 10-311] analyzing module ReLU
INFO: [VRFC 10-2263] Analyzing Verilog file "E:/trashCan/Projects/Assign/project_1/project_1.srcs/sources_1/new/PE_FC_ANN_tb.v" into library xil_defaultlib
INFO: [VRFC 10-311] analyzing module PE_FC_ANN_tb
INFO: [VRFC 10-2263] Analyzing Verilog file "E:/trashCan/Projects/Assign/project_1/project_1.sim/sim_1/behav/glbl.v" into library xil_defaultlib
INFO: [VRFC 10-311] analyzing module glbl
WARNING: [VRFC 10-1195] overwriting previous definition of module glbl [E:/trashCan/Projects/Assign/project_1/project_1.sim/sim_1/behav/glbl.v:6]
INFO: [USF-XSim-3] XSim::Elaborate design
INFO: [USF-XSim-61] Executing 'ELABORATE' step in 'E:/trashCan/Projects/Assign/project_1/project_1.sim/sim_1/behav'
Vivado Simulator 2015.2
Copyright 1986-1999, 2001-2015 Xilinx, Inc. All Rights Reserved.
Running: E:/Xilinx/Vivado/2015.2/bin/unwrapped/win64.o/xelab.exe -wto 0bd8e4f971914d9c91763b877ea9f543 --debug typical --relax --mt 2 -L xil_defaultlib -L unisims_ver -L unimacro_ver -L secureip --snapshot PE_FC_ANN_tb_behav xil_defaultlib.PE_FC_ANN_tb xil_defaultlib.glbl -log elaborate.log 
Using 2 slave threads.
Starting static elaboration
Completed static elaboration
Starting simulation data flow analysis
WARNING: [XSIM 43-4100] "E:/trashCan/Projects/Assign/tuturu.v" Line 2. Module fpMul has a timescale but at least one module in design doesn't have timescale.
WARNING: [XSIM 43-4100] "E:/trashCan/Projects/Assign/project_1/project_1.sim/sim_1/behav/glbl.v" Line 6. Module glbl has a timescale but at least one module in design doesn't have timescale.
WARNING: [XSIM 43-4100] "E:/trashCan/Projects/Assign/tuturu.v" Line 2. Module fpMul has a timescale but at least one module in design doesn't have timescale.
WARNING: [XSIM 43-4100] "E:/trashCan/Projects/Assign/project_1/project_1.sim/sim_1/behav/glbl.v" Line 6. Module glbl has a timescale but at least one module in design doesn't have timescale.
Completed simulation data flow analysis
Time Resolution for simulation is 1ps
Compiling module xil_defaultlib.fpMul
Compiling module xil_defaultlib.fp_add
Compiling module xil_defaultlib.PE_FC_ANN
Compiling module xil_defaultlib.PE_FC_ANN_tb
Compiling module xil_defaultlib.glbl
Waiting for 2 sub-compilation(s) to finish...
Built simulation snapshot PE_FC_ANN_tb_behav

****** Webtalk v2015.2 (64-bit)
  **** SW Build 1266856 on Fri Jun 26 16:35:25 MDT 2015
  **** IP Build 1264090 on Wed Jun 24 14:22:01 MDT 2015
    ** Copyright 1986-2015 Xilinx, Inc. All Rights Reserved.

source E:/trashCan/Projects/Assign/project_1/project_1.sim/sim_1/behav/xsim.dir/PE_FC_ANN_tb_behav/webtalk/xsim_webtalk.tcl -notrace

    while executing
"webtalk_transmit -clientid 1657520628 -regid "" -xml E:/trashCan/Projects/Assign/project_1/project_1.sim/sim_1/behav/xsim.dir/PE_FC_ANN_tb_behav/webta..."
    (file "E:/trashCan/Projects/Assign/project_1/project_1.sim/sim_1/behav/xsim.dir/PE_FC_ANN_tb_behav/webtalk/xsim_webtalk.tcl" line 41)
INFO: [Common 17-206] Exiting Webtalk at Tue Apr 14 23:46:15 2020...
INFO: [USF-XSim-4] XSim::Simulate design
INFO: [USF-XSim-61] Executing 'SIMULATE' step in 'E:/trashCan/Projects/Assign/project_1/project_1.sim/sim_1/behav'
INFO: [USF-XSim-98] *** Running xsim
   with args "PE_FC_ANN_tb_behav -key {Behavioral:sim_1:Functional:PE_FC_ANN_tb} -tclbatch {PE_FC_ANN_tb.tcl} -log {simulate.log}"
INFO: [USF-XSim-8] Loading simulator feature
Vivado Simulator 2015.2
Time resolution is 1 ps
source PE_FC_ANN_tb.tcl
# set curr_wave [current_wave_config]
# if { [string length $curr_wave] == 0 } {
#   if { [llength [get_objects]] > 0} {
#     add_wave /
#     set_property needs_save false [current_wave_config]
#   } else {
#      send_msg_id Add_Wave-1 WARNING "No top level signals found. Simulator will start without a wave window. If you want to open a wave window go to 'File->New Waveform Configuration' or type 'create_wave_config' in the TCL console."
#   }
# }
# run 1000ns
INFO: [USF-XSim-96] XSim completed. Design snapshot 'PE_FC_ANN_tb_behav' loaded.
INFO: [USF-XSim-97] XSim simulation ran for 1000ns
launch_simulation: Time (s): cpu = 00:00:02 ; elapsed = 00:00:08 . Memory (MB): peak = 884.914 ; gain = 0.000
INFO: [Common 17-41] Interrupt caught. Command should exit soon.
INFO: [Simtcl 6-16] Simulation closed
INFO: [Common 17-344] 'close_sim' was cancelled
launch_simulation
WARNING: [Vivado 12-3661] Failed to remove file:E:/trashCan/Projects/Assign/project_1/project_1.sim/sim_1/behav/add_flp3_tb_behav.wdb
WARNING: [Vivado 12-3661] Failed to remove file:E:/trashCan/Projects/Assign/project_1/project_1.sim/sim_1/behav/mul_flp_tb_behav.wdb
WARNING: [Vivado 12-3661] Failed to remove file:E:/trashCan/Projects/Assign/project_1/project_1.sim/sim_1/behav/PE_FC_ANN_tb_behav.wdb
WARNING: [Vivado 12-3661] Failed to remove file:E:/trashCan/Projects/Assign/project_1/project_1.sim/sim_1/behav/simulate.log
WARNING: [Vivado 12-3661] Failed to remove file:E:/trashCan/Projects/Assign/project_1/project_1.sim/sim_1/behav/xelab.pb
INFO: [USF-XSim-27] Simulation object is 'sim_1'
INFO: [USF-XSim-37] Inspecting design source files for 'PE_FC_ANN_tb' in fileset 'sim_1'...
INFO: [USF-XSim-97] Finding global include files...
INFO: [USF-XSim-100] Fetching design files from 'sources_1'...(this may take a while)...
INFO: [USF-XSim-101] Fetching design files from 'sim_1'...
INFO: [USF-XSim-2] XSim::Compile design
INFO: [USF-XSim-61] Executing 'COMPILE' step in 'E:/trashCan/Projects/Assign/project_1/project_1.sim/sim_1/behav'
"xvlog -m64 --relax -prj PE_FC_ANN_tb_vlog.prj"
INFO: [VRFC 10-2263] Analyzing Verilog file "E:/trashCan/Projects/Assign/tuturu.v" into library xil_defaultlib
INFO: [VRFC 10-311] analyzing module fpMul
INFO: [VRFC 10-2263] Analyzing Verilog file "E:/trashCan/Projects/Assign/tb.v" into library xil_defaultlib
INFO: [VRFC 10-311] analyzing module mul_flp_tb
INFO: [VRFC 10-2263] Analyzing Verilog file "E:/trashCan/Projects/Assign/fp_add.v" into library xil_defaultlib
INFO: [VRFC 10-311] analyzing module fp_add
INFO: [VRFC 10-2263] Analyzing Verilog file "E:/trashCan/Projects/Assign/fp_add_tb.v" into library xil_defaultlib
INFO: [VRFC 10-311] analyzing module add_flp3_tb
INFO: [VRFC 10-2263] Analyzing Verilog file "E:/trashCan/Projects/Assign/project_1/project_1.sim/sim_1/behav/glbl.v" into library xil_defaultlib
INFO: [VRFC 10-311] analyzing module glbl
INFO: [VRFC 10-2263] Analyzing Verilog file "E:/trashCan/Projects/Assign/PE_FC_ANN.v" into library xil_defaultlib
INFO: [VRFC 10-311] analyzing module PE_FC_ANN
INFO: [VRFC 10-2263] Analyzing Verilog file "E:/trashCan/Projects/Assign/weights_Memory.v" into library xil_defaultlib
INFO: [VRFC 10-311] analyzing module weights_Memory
INFO: [VRFC 10-2263] Analyzing Verilog file "E:/trashCan/Projects/Assign/FC_Layer_ANN.v" into library xil_defaultlib
INFO: [VRFC 10-311] analyzing module FC_Layer_ANN
INFO: [VRFC 10-2263] Analyzing Verilog file "E:/trashCan/Projects/Assign/project_1/project_1.srcs/sources_1/new/ReLU.v" into library xil_defaultlib
INFO: [VRFC 10-311] analyzing module ReLU
INFO: [VRFC 10-2263] Analyzing Verilog file "E:/trashCan/Projects/Assign/project_1/project_1.srcs/sources_1/new/PE_FC_ANN_tb.v" into library xil_defaultlib
INFO: [VRFC 10-311] analyzing module PE_FC_ANN_tb
INFO: [VRFC 10-2263] Analyzing Verilog file "E:/trashCan/Projects/Assign/project_1/project_1.sim/sim_1/behav/glbl.v" into library xil_defaultlib
INFO: [VRFC 10-311] analyzing module glbl
WARNING: [VRFC 10-1195] overwriting previous definition of module glbl [E:/trashCan/Projects/Assign/project_1/project_1.sim/sim_1/behav/glbl.v:6]
INFO: [USF-XSim-3] XSim::Elaborate design
INFO: [USF-XSim-61] Executing 'ELABORATE' step in 'E:/trashCan/Projects/Assign/project_1/project_1.sim/sim_1/behav'
Vivado Simulator 2015.2
Copyright 1986-1999, 2001-2015 Xilinx, Inc. All Rights Reserved.
Running: E:/Xilinx/Vivado/2015.2/bin/unwrapped/win64.o/xelab.exe -wto 0bd8e4f971914d9c91763b877ea9f543 --debug typical --relax --mt 2 -L xil_defaultlib -L unisims_ver -L unimacro_ver -L secureip --snapshot PE_FC_ANN_tb_behav xil_defaultlib.PE_FC_ANN_tb xil_defaultlib.glbl -log elaborate.log 
Using 2 slave threads.
Starting static elaboration
Completed static elaboration
Starting simulation data flow analysis
WARNING: [XSIM 43-4100] "E:/trashCan/Projects/Assign/tuturu.v" Line 2. Module fpMul has a timescale but at least one module in design doesn't have timescale.
WARNING: [XSIM 43-4100] "E:/trashCan/Projects/Assign/project_1/project_1.sim/sim_1/behav/glbl.v" Line 6. Module glbl has a timescale but at least one module in design doesn't have timescale.
WARNING: [XSIM 43-4100] "E:/trashCan/Projects/Assign/tuturu.v" Line 2. Module fpMul has a timescale but at least one module in design doesn't have timescale.
WARNING: [XSIM 43-4100] "E:/trashCan/Projects/Assign/project_1/project_1.sim/sim_1/behav/glbl.v" Line 6. Module glbl has a timescale but at least one module in design doesn't have timescale.
Completed simulation data flow analysis
Time Resolution for simulation is 1ps
Compiling module xil_defaultlib.fpMul
Compiling module xil_defaultlib.fp_add
Compiling module xil_defaultlib.PE_FC_ANN
Compiling module xil_defaultlib.PE_FC_ANN_tb
Compiling module xil_defaultlib.glbl
Waiting for 2 sub-compilation(s) to finish...
Built simulation snapshot PE_FC_ANN_tb_behav

****** Webtalk v2015.2 (64-bit)
  **** SW Build 1266856 on Fri Jun 26 16:35:25 MDT 2015
  **** IP Build 1264090 on Wed Jun 24 14:22:01 MDT 2015
    ** Copyright 1986-2015 Xilinx, Inc. All Rights Reserved.

source E:/trashCan/Projects/Assign/project_1/project_1.sim/sim_1/behav/xsim.dir/PE_FC_ANN_tb_behav/webtalk/xsim_webtalk.tcl -notrace

    while executing
"webtalk_transmit -clientid 3464558484 -regid "" -xml E:/trashCan/Projects/Assign/project_1/project_1.sim/sim_1/behav/xsim.dir/PE_FC_ANN_tb_behav/webta..."
    (file "E:/trashCan/Projects/Assign/project_1/project_1.sim/sim_1/behav/xsim.dir/PE_FC_ANN_tb_behav/webtalk/xsim_webtalk.tcl" line 41)
INFO: [Common 17-206] Exiting Webtalk at Tue Apr 14 23:46:58 2020...
INFO: [USF-XSim-4] XSim::Simulate design
INFO: [USF-XSim-61] Executing 'SIMULATE' step in 'E:/trashCan/Projects/Assign/project_1/project_1.sim/sim_1/behav'
INFO: [USF-XSim-98] *** Running xsim
   with args "PE_FC_ANN_tb_behav -key {Behavioral:sim_1:Functional:PE_FC_ANN_tb} -tclbatch {PE_FC_ANN_tb.tcl} -log {simulate.log}"
INFO: [USF-XSim-8] Loading simulator feature
Vivado Simulator 2015.2
Time resolution is 1 ps
source PE_FC_ANN_tb.tcl
# set curr_wave [current_wave_config]
# if { [string length $curr_wave] == 0 } {
#   if { [llength [get_objects]] > 0} {
#     add_wave /
#     set_property needs_save false [current_wave_config]
#   } else {
#      send_msg_id Add_Wave-1 WARNING "No top level signals found. Simulator will start without a wave window. If you want to open a wave window go to 'File->New Waveform Configuration' or type 'create_wave_config' in the TCL console."
#   }
# }
# run 1000ns
INFO: [USF-XSim-96] XSim completed. Design snapshot 'PE_FC_ANN_tb_behav' loaded.
INFO: [USF-XSim-97] XSim simulation ran for 1000ns
launch_simulation: Time (s): cpu = 00:00:05 ; elapsed = 00:00:12 . Memory (MB): peak = 884.914 ; gain = 0.000
close_sim
INFO: [Simtcl 6-16] Simulation closed
close_sim: Time (s): cpu = 00:00:01 ; elapsed = 00:00:05 . Memory (MB): peak = 889.316 ; gain = 0.000
close_sim
INFO: [Simtcl 6-16] Simulation closed
close_sim
INFO: [Simtcl 6-16] Simulation closed
exit
INFO: [Common 17-206] Exiting Vivado at Tue Apr 14 23:48:42 2020...
