#-----------------------------------------------------------
# Vivado v2015.2 (64-bit)
# SW Build 1266856 on Fri Jun 26 16:35:25 MDT 2015
# IP Build 1264090 on Wed Jun 24 14:22:01 MDT 2015
# Start of session at: Tue Apr 14 21:04:02 2020
# Process ID: 22280
# Log file: E:/trashCan/Projects/Assign/project_1/vivado.log
# Journal file: E:/trashCan/Projects/Assign/project_1\vivado.jou
#-----------------------------------------------------------
start_gui
open_project E:/trashCan/Projects/Assign/project_1/project_1.xpr
Scanning sources...
Finished scanning sources
INFO: [IP_Flow 19-234] Refreshing IP repositories
INFO: [IP_Flow 19-1704] No user IP repositories specified
INFO: [IP_Flow 19-2313] Loaded Vivado IP repository 'E:/Xilinx/Vivado/2015.2/data/ip'.
open_project: Time (s): cpu = 00:00:27 ; elapsed = 00:00:15 . Memory (MB): peak = 790.086 ; gain = 197.676
reset_run synth_1
launch_runs synth_1
[Tue Apr 14 21:30:28 2020] Launched synth_1...
Run output will be captured here: E:/trashCan/Projects/Assign/project_1/project_1.runs/synth_1/runme.log
reset_run synth_1
launch_runs synth_1
[Tue Apr 14 21:31:16 2020] Launched synth_1...
Run output will be captured here: E:/trashCan/Projects/Assign/project_1/project_1.runs/synth_1/runme.log
reset_run synth_1
launch_runs synth_1
[Tue Apr 14 21:31:22 2020] Launched synth_1...
Run output will be captured here: E:/trashCan/Projects/Assign/project_1/project_1.runs/synth_1/runme.log
reset_run synth_1
launch_runs synth_1
[Tue Apr 14 21:33:55 2020] Launched synth_1...
Run output will be captured here: E:/trashCan/Projects/Assign/project_1/project_1.runs/synth_1/runme.log
reset_run synth_1
launch_runs synth_1
[Tue Apr 14 21:35:27 2020] Launched synth_1...
Run output will be captured here: E:/trashCan/Projects/Assign/project_1/project_1.runs/synth_1/runme.log
remove_files E:/trashCan/Projects/Assign/project_1/project_1.srcs/sources_1/new/FC_Layer_ANN_tb.v
file delete -force E:/trashCan/Projects/Assign/project_1/project_1.srcs/sources_1/new/FC_Layer_ANN_tb.v
exit
INFO: [Common 17-206] Exiting Vivado at Tue Apr 14 21:38:18 2020...
