#-----------------------------------------------------------
# Vivado v2015.2 (64-bit)
# SW Build 1266856 on Fri Jun 26 16:35:25 MDT 2015
# IP Build 1264090 on Wed Jun 24 14:22:01 MDT 2015
# Start of session at: Thu May 21 06:45:05 2020
# Process ID: 25360
# Log file: C:/Users/DELL/Desktop/Logic-2/Final/New folder/Verilog-CNN/project_1/vivado.log
# Journal file: C:/Users/DELL/Desktop/Logic-2/Final/New folder/Verilog-CNN/project_1\vivado.jou
#-----------------------------------------------------------
start_gui
open_project {C:/Users/DELL/Desktop/Logic-2/Final/New folder/Verilog-CNN/project_1/project_1.xpr}
INFO: [Project 1-313] Project file moved from 'K:/Year 2 CCE-C/Term 2/Logic 2/Final/Verilog-CNN/project_1' since last save.
Scanning sources...
Finished scanning sources
INFO: [IP_Flow 19-234] Refreshing IP repositories
INFO: [IP_Flow 19-1704] No user IP repositories specified
INFO: [IP_Flow 19-2313] Loaded Vivado IP repository 'D:/vivado/Vivado/2015.2/data/ip'.
open_project: Time (s): cpu = 00:00:13 ; elapsed = 00:00:07 . Memory (MB): peak = 819.551 ; gain = 189.996
add_files -norecurse {{C:/Users/DELL/Desktop/Logic-2/Final/New folder/Verilog-CNN/exponential_tb.v} {C:/Users/DELL/Desktop/Logic-2/Final/New folder/Verilog-CNN/exponential.v}}
set_property top exponential_tb [current_fileset]
set_property top exponential [current_fileset]
set_property top exponential_tb [get_filesets sim_1]
set_property top_lib xil_defaultlib [get_filesets sim_1]
launch_simulation
INFO: [USF-XSim-27] Simulation object is 'sim_1'
INFO: [USF-XSim-37] Inspecting design source files for 'exponential_tb' in fileset 'sim_1'...
INFO: [USF-XSim-97] Finding global include files...
INFO: [USF-XSim-100] Fetching design files from 'sources_1'...(this may take a while)...
INFO: [USF-XSim-101] Fetching design files from 'sim_1'...
INFO: [USF-XSim-2] XSim::Compile design
INFO: [USF-XSim-61] Executing 'COMPILE' step in 'C:/Users/DELL/Desktop/Logic-2/Final/New folder/Verilog-CNN/project_1/project_1.sim/sim_1/behav'
"xvlog -m64 --relax -prj exponential_tb_vlog.prj"
INFO: [VRFC 10-2263] Analyzing Verilog file "C:/Users/DELL/Desktop/Logic-2/Final/New folder/Verilog-CNN/project_1/project_1.srcs/sources_1/new/ReLU.v" into library xil_defaultlib
INFO: [VRFC 10-311] analyzing module ReLU
INFO: [VRFC 10-2263] Analyzing Verilog file "C:/Users/DELL/Desktop/Logic-2/Final/New folder/Verilog-CNN/fp_add.v" into library xil_defaultlib
INFO: [VRFC 10-311] analyzing module fp_add
INFO: [VRFC 10-2263] Analyzing Verilog file "C:/Users/DELL/Desktop/Logic-2/Final/New folder/Verilog-CNN/fp_add_tb.v" into library xil_defaultlib
INFO: [VRFC 10-311] analyzing module add_flp3_tb
INFO: [VRFC 10-2263] Analyzing Verilog file "C:/Users/DELL/Desktop/Logic-2/Final/New folder/Verilog-CNN/project_1/project_1.sim/sim_1/behav/glbl.v" into library xil_defaultlib
INFO: [VRFC 10-311] analyzing module glbl
INFO: [VRFC 10-2263] Analyzing Verilog file "C:/Users/DELL/Desktop/Logic-2/Final/New folder/Verilog-CNN/PE_FC_ANN.v" into library xil_defaultlib
INFO: [VRFC 10-311] analyzing module PE_FC_ANN
INFO: [VRFC 10-2263] Analyzing Verilog file "C:/Users/DELL/Desktop/Logic-2/Final/New folder/Verilog-CNN/weights_Memory.v" into library xil_defaultlib
INFO: [VRFC 10-311] analyzing module weights_Memory
INFO: [VRFC 10-2263] Analyzing Verilog file "C:/Users/DELL/Desktop/Logic-2/Final/New folder/Verilog-CNN/FC_Layer_ANN.v" into library xil_defaultlib
INFO: [VRFC 10-311] analyzing module FC_Layer_ANN
INFO: [VRFC 10-2263] Analyzing Verilog file "C:/Users/DELL/Desktop/Logic-2/Final/New folder/Verilog-CNN/project_1/project_1.srcs/sources_1/new/PE_FC_ANN_tb.v" into library xil_defaultlib
INFO: [VRFC 10-311] analyzing module PE_FC_ANN_tb
INFO: [VRFC 10-2263] Analyzing Verilog file "C:/Users/DELL/Desktop/Logic-2/Final/New folder/Verilog-CNN/project_1/project_1.srcs/sources_1/new/ReLU_tb.v" into library xil_defaultlib
INFO: [VRFC 10-311] analyzing module ReLU_tb
INFO: [VRFC 10-2263] Analyzing Verilog file "C:/Users/DELL/Desktop/Logic-2/Final/New folder/Verilog-CNN/project_1/project_1.srcs/sources_1/new/SingleLayer.v" into library xil_defaultlib
INFO: [VRFC 10-311] analyzing module SingleLayer
INFO: [VRFC 10-2263] Analyzing Verilog file "C:/Users/DELL/Desktop/Logic-2/Final/New folder/Verilog-CNN/project_1/project_1.srcs/sources_1/new/SingleLayer_tb.v" into library xil_defaultlib
INFO: [VRFC 10-311] analyzing module SingleLayer_tb
INFO: [VRFC 10-2263] Analyzing Verilog file "C:/Users/DELL/Desktop/Logic-2/Final/New folder/Verilog-CNN/project_1/project_1.srcs/sources_1/new/Pipeline_tb.v" into library xil_defaultlib
INFO: [VRFC 10-311] analyzing module Pipeline_tb
INFO: [VRFC 10-2263] Analyzing Verilog file "C:/Users/DELL/Desktop/Logic-2/Final/New folder/Verilog-CNN/project_1/project_1.srcs/sources_1/new/fp_add_2.v" into library xil_defaultlib
INFO: [VRFC 10-311] analyzing module fp_add_2
WARNING: [VRFC 10-756] identifier EXPONENT_WIDTH is used before its declaration [C:/Users/DELL/Desktop/Logic-2/Final/New folder/Verilog-CNN/project_1/project_1.srcs/sources_1/new/fp_add_2.v:2]
WARNING: [VRFC 10-756] identifier EXPONENT_WIDTH is used before its declaration [C:/Users/DELL/Desktop/Logic-2/Final/New folder/Verilog-CNN/project_1/project_1.srcs/sources_1/new/fp_add_2.v:3]
WARNING: [VRFC 10-756] identifier EXPONENT_WIDTH is used before its declaration [C:/Users/DELL/Desktop/Logic-2/Final/New folder/Verilog-CNN/project_1/project_1.srcs/sources_1/new/fp_add_2.v:7]
WARNING: [VRFC 10-756] identifier MANTISSA_WIDTH is used before its declaration [C:/Users/DELL/Desktop/Logic-2/Final/New folder/Verilog-CNN/project_1/project_1.srcs/sources_1/new/fp_add_2.v:8]
INFO: [VRFC 10-2263] Analyzing Verilog file "C:/Users/DELL/Desktop/Logic-2/Final/New folder/Verilog-CNN/fp_mul.v" into library xil_defaultlib
INFO: [VRFC 10-311] analyzing module fpMul
INFO: [VRFC 10-2263] Analyzing Verilog file "C:/Users/DELL/Desktop/Logic-2/Final/New folder/Verilog-CNN/fp_mul_tb.v" into library xil_defaultlib
INFO: [VRFC 10-311] analyzing module mul_flp_tb
INFO: [VRFC 10-2263] Analyzing Verilog file "C:/Users/DELL/Desktop/Logic-2/Final/New folder/Verilog-CNN/exponential_tb.v" into library xil_defaultlib
INFO: [VRFC 10-311] analyzing module exponential_tb
INFO: [VRFC 10-2263] Analyzing Verilog file "C:/Users/DELL/Desktop/Logic-2/Final/New folder/Verilog-CNN/exponential.v" into library xil_defaultlib
INFO: [VRFC 10-311] analyzing module exponential
INFO: [VRFC 10-2263] Analyzing Verilog file "C:/Users/DELL/Desktop/Logic-2/Final/New folder/Verilog-CNN/project_1/project_1.sim/sim_1/behav/glbl.v" into library xil_defaultlib
INFO: [VRFC 10-311] analyzing module glbl
WARNING: [VRFC 10-1195] overwriting previous definition of module glbl [C:/Users/DELL/Desktop/Logic-2/Final/New folder/Verilog-CNN/project_1/project_1.sim/sim_1/behav/glbl.v:6]
INFO: [USF-XSim-3] XSim::Elaborate design
INFO: [USF-XSim-61] Executing 'ELABORATE' step in 'C:/Users/DELL/Desktop/Logic-2/Final/New folder/Verilog-CNN/project_1/project_1.sim/sim_1/behav'
Vivado Simulator 2015.2
Copyright 1986-1999, 2001-2015 Xilinx, Inc. All Rights Reserved.
Running: D:/vivado/Vivado/2015.2/bin/unwrapped/win64.o/xelab.exe -wto 0bd8e4f971914d9c91763b877ea9f543 --debug typical --relax --mt 2 -L xil_defaultlib -L unisims_ver -L unimacro_ver -L secureip --snapshot exponential_tb_behav xil_defaultlib.exponential_tb xil_defaultlib.glbl -log elaborate.log 
Using 2 slave threads.
Starting static elaboration
Completed static elaboration
Starting simulation data flow analysis
WARNING: [XSIM 43-4100] "C:/Users/DELL/Desktop/Logic-2/Final/New folder/Verilog-CNN/fp_mul.v" Line 3. Module fpMul(EXPONENT_WIDTH=8,MANTISSA_WIDTH=23) has a timescale but at least one module in design doesn't have timescale.
WARNING: [XSIM 43-4100] "C:/Users/DELL/Desktop/Logic-2/Final/New folder/Verilog-CNN/project_1/project_1.sim/sim_1/behav/glbl.v" Line 6. Module glbl has a timescale but at least one module in design doesn't have timescale.
WARNING: [XSIM 43-4100] "C:/Users/DELL/Desktop/Logic-2/Final/New folder/Verilog-CNN/fp_mul.v" Line 3. Module fpMul(EXPONENT_WIDTH=8,MANTISSA_WIDTH=23) has a timescale but at least one module in design doesn't have timescale.
WARNING: [XSIM 43-4100] "C:/Users/DELL/Desktop/Logic-2/Final/New folder/Verilog-CNN/project_1/project_1.sim/sim_1/behav/glbl.v" Line 6. Module glbl has a timescale but at least one module in design doesn't have timescale.
Completed simulation data flow analysis
Time Resolution for simulation is 1ps
Compiling module xil_defaultlib.fpMul(EXPONENT_WIDTH=8,MANTISSA_...
Compiling module xil_defaultlib.fp_add_2(EXPONENT_WIDTH=8,MANTIS...
Compiling module xil_defaultlib.exponential(EXPONENT_WIDTH=8,MAN...
Compiling module xil_defaultlib.exponential_tb
Compiling module xil_defaultlib.glbl
Waiting for 2 sub-compilation(s) to finish...
Built simulation snapshot exponential_tb_behav

****** Webtalk v2015.2 (64-bit)
  **** SW Build 1266856 on Fri Jun 26 16:35:25 MDT 2015
  **** IP Build 1264090 on Wed Jun 24 14:22:01 MDT 2015
    ** Copyright 1986-2015 Xilinx, Inc. All Rights Reserved.

source C:/Users/DELL/Desktop/Logic-2/Final/New -notrace
couldn't read file "C:/Users/DELL/Desktop/Logic-2/Final/New": no such file or directory
INFO: [Common 17-206] Exiting Webtalk at Thu May 21 06:47:30 2020...
INFO: [USF-XSim-4] XSim::Simulate design
INFO: [USF-XSim-61] Executing 'SIMULATE' step in 'C:/Users/DELL/Desktop/Logic-2/Final/New folder/Verilog-CNN/project_1/project_1.sim/sim_1/behav'
INFO: [USF-XSim-98] *** Running xsim
   with args "exponential_tb_behav -key {Behavioral:sim_1:Functional:exponential_tb} -tclbatch {exponential_tb.tcl} -log {simulate.log}"
INFO: [USF-XSim-8] Loading simulator feature
Vivado Simulator 2015.2
Time resolution is 1 ps
source exponential_tb.tcl
# set curr_wave [current_wave_config]
# if { [string length $curr_wave] == 0 } {
#   if { [llength [get_objects]] > 0} {
#     add_wave /
#     set_property needs_save false [current_wave_config]
#   } else {
#      send_msg_id Add_Wave-1 WARNING "No top level signals found. Simulator will start without a wave window. If you want to open a wave window go to 'File->New Waveform Configuration' or type 'create_wave_config' in the TCL console."
#   }
# }
# run 4000ns
INFO: [USF-XSim-96] XSim completed. Design snapshot 'exponential_tb_behav' loaded.
INFO: [USF-XSim-97] XSim simulation ran for 4000ns
launch_simulation: Time (s): cpu = 00:00:04 ; elapsed = 00:00:07 . Memory (MB): peak = 842.172 ; gain = 3.547
close_sim
INFO: [Simtcl 6-16] Simulation closed
exit
INFO: [Common 17-206] Exiting Vivado at Thu May 21 06:49:52 2020...
