#-----------------------------------------------------------
# Vivado v2015.2 (64-bit)
# SW Build 1266856 on Fri Jun 26 16:35:25 MDT 2015
# IP Build 1264090 on Wed Jun 24 14:22:01 MDT 2015
# Start of session at: Tue Apr 14 22:00:15 2020
# Process ID: 2676
# Log file: E:/trashCan/Projects/Assign/project_1/vivado.log
# Journal file: E:/trashCan/Projects/Assign/project_1\vivado.jou
#-----------------------------------------------------------
start_gui
open_project E:/trashCan/Projects/Assign/project_1/project_1.xpr
INFO: [Project 1-313] Project file moved from 'K:/Year 2 CCE-C/Term 2/Logic 2/Verilog-CNN/project_1' since last save.
Scanning sources...
Finished scanning sources
****** Webtalk v2015.2 (64-bit)
  **** SW Build 1266856 on Fri Jun 26 16:35:25 MDT 2015
  **** IP Build 1264090 on Wed Jun 24 14:22:01 MDT 2015
    ** Copyright 1986-2015 Xilinx, Inc. All Rights Reserved.

source E:/trashCan/Projects/Assign/project_1/project_1.hw/webtalk/labtool_webtalk.tcl -notrace

    while executing
"webtalk_transmit -clientid 2817618042 -regid "" -xml E:/trashCan/Projects/Assign/project_1/project_1.hw/webtalk/usage_statistics_ext_labtool.xml -html..."
    (file "E:/trashCan/Projects/Assign/project_1/project_1.hw/webtalk/labtool_webtalk.tcl" line 26)
INFO: [Common 17-206] Exiting Webtalk at Tue Apr 14 22:00:28 2020...
ERROR: [Project 1-510] Parsing generated run data failed
exit
INFO: [Common 17-206] Exiting Vivado at Tue Apr 14 22:00:47 2020...
