#-----------------------------------------------------------
# Vivado v2015.2 (64-bit)
# SW Build 1266856 on Fri Jun 26 16:35:25 MDT 2015
# IP Build 1264090 on Wed Jun 24 14:22:01 MDT 2015
# Start of session at: Sun May 31 06:12:26 2020
# Process ID: 5252
# Log file: C:/Users/Mohamed Gaber/Desktop/logic/Verilog-CNN/project_1/vivado.log
# Journal file: C:/Users/Mohamed Gaber/Desktop/logic/Verilog-CNN/project_1\vivado.jou
#-----------------------------------------------------------
start_gui
open_project {C:/Users/Mohamed Gaber/Desktop/logic/Verilog-CNN/project_1/project_1.xpr}
Scanning sources...
Finished scanning sources
INFO: [IP_Flow 19-234] Refreshing IP repositories
INFO: [IP_Flow 19-1704] No user IP repositories specified
INFO: [IP_Flow 19-2313] Loaded Vivado IP repository 'C:/Xilinx/Vivado/2015.2/data/ip'.
open_project: Time (s): cpu = 00:00:14 ; elapsed = 00:00:13 . Memory (MB): peak = 694.000 ; gain = 141.043
reset_run synth_1
WARNING: [Vivado 12-1017] Problems encountered:
1. Couldn't access process for termination

exit
INFO: [Common 17-206] Exiting Vivado at Sun May 31 06:20:02 2020...
