
*** Running vivado
    with args -log tanh.vds -m64 -mode batch -messageDb vivado.pb -notrace -source tanh.tcl

WARNING: Default location for XILINX_VIVADO_HLS not found: 

****** Vivado v2015.2 (64-bit)
  **** SW Build 1266856 on Fri Jun 26 16:35:25 MDT 2015
  **** IP Build 1264090 on Wed Jun 24 14:22:01 MDT 2015
    ** Copyright 1986-2015 Xilinx, Inc. All Rights Reserved.

source tanh.tcl -notrace
WARNING: [Board 49-26] cannot add Board Part xilinx.com:kc705:part0:1.2 available at D:/Vivado/Vivado/2015.2/data/boards/board_files/kc705/1.2/board.xml as part xc7k325tffg900-2 specified in board_part file is either invalid or not available
WARNING: [Board 49-26] cannot add Board Part xilinx.com:kcu105:part0:1.0 available at D:/Vivado/Vivado/2015.2/data/boards/board_files/kcu105/1.0/board.xml as part xcku040-ffva1156-2-e specified in board_part file is either invalid or not available
WARNING: [Board 49-26] cannot add Board Part xilinx.com:vc707:part0:1.2 available at D:/Vivado/Vivado/2015.2/data/boards/board_files/vc707/1.2/board.xml as part xc7vx485tffg1761-2 specified in board_part file is either invalid or not available
WARNING: [Board 49-26] cannot add Board Part xilinx.com:vc709:part0:1.6 available at D:/Vivado/Vivado/2015.2/data/boards/board_files/vc709/1.6/board.xml as part xc7vx690tffg1761-2 specified in board_part file is either invalid or not available
WARNING: [Board 49-26] cannot add Board Part xilinx.com:zc706:part0:1.2 available at D:/Vivado/Vivado/2015.2/data/boards/board_files/zc706/1.2/board.xml as part xc7z045ffg900-2 specified in board_part file is either invalid or not available
Command: synth_design -top tanh -part xc7z020clg400-1
Starting synth_design
Attempting to get a license for feature 'Synthesis' and/or device 'xc7z020'
INFO: [Common 17-349] Got license for feature 'Synthesis' and/or device 'xc7z020'
---------------------------------------------------------------------------------
Starting Synthesize : Time (s): cpu = 00:00:04 ; elapsed = 00:00:04 . Memory (MB): peak = 259.359 ; gain = 36.742
---------------------------------------------------------------------------------
INFO: [Synth 8-638] synthesizing module 'tanh' [D:/Users/IbrahimWael/Desktop/project_2/project_2.srcs/sources_1/new/tanh.v:3]
	Parameter EXPONENT_WIDTH bound to: 5 - type: integer 
	Parameter MANTISSA_WIDTH bound to: 10 - type: integer 
	Parameter DATA_WIDTH bound to: 16 - type: integer 
INFO: [Synth 8-638] synthesizing module 'fpMul' [D:/Users/IbrahimWael/Desktop/project_2/project_2.srcs/sources_1/new/fp_mul.v:3]
	Parameter EXPONENT_WIDTH bound to: 5 - type: integer 
	Parameter MANTISSA_WIDTH bound to: 10 - type: integer 
INFO: [Synth 8-256] done synthesizing module 'fpMul' (1#1) [D:/Users/IbrahimWael/Desktop/project_2/project_2.srcs/sources_1/new/fp_mul.v:3]
INFO: [Synth 8-638] synthesizing module 'fp_add_2' [D:/Users/IbrahimWael/Desktop/project_2/project_2.srcs/sources_1/new/fp_add_2.v:1]
	Parameter EXPONENT_WIDTH bound to: 5 - type: integer 
	Parameter MANTISSA_WIDTH bound to: 10 - type: integer 
INFO: [Synth 8-256] done synthesizing module 'fp_add_2' (2#1) [D:/Users/IbrahimWael/Desktop/project_2/project_2.srcs/sources_1/new/fp_add_2.v:1]
INFO: [Synth 8-256] done synthesizing module 'tanh' (3#1) [D:/Users/IbrahimWael/Desktop/project_2/project_2.srcs/sources_1/new/tanh.v:3]
---------------------------------------------------------------------------------
Finished Synthesize : Time (s): cpu = 00:00:04 ; elapsed = 00:00:04 . Memory (MB): peak = 294.430 ; gain = 71.813
---------------------------------------------------------------------------------
---------------------------------------------------------------------------------
Finished Constraint Validation : Time (s): cpu = 00:00:04 ; elapsed = 00:00:04 . Memory (MB): peak = 294.430 ; gain = 71.813
---------------------------------------------------------------------------------
---------------------------------------------------------------------------------
Start Loading Part and Timing Information
---------------------------------------------------------------------------------
Loading part: xc7z020clg400-1
---------------------------------------------------------------------------------
Finished Loading Part and Timing Information : Time (s): cpu = 00:00:04 ; elapsed = 00:00:04 . Memory (MB): peak = 294.430 ; gain = 71.813
---------------------------------------------------------------------------------
INFO: [Device 21-403] Loading part xc7z020clg400-1
INFO: [Synth 8-5546] ROM "x_power_two" won't be mapped to RAM because it is too sparse
---------------------------------------------------------------------------------
Finished RTL Optimization Phase 2 : Time (s): cpu = 00:00:05 ; elapsed = 00:00:05 . Memory (MB): peak = 346.090 ; gain = 123.473
---------------------------------------------------------------------------------

Report RTL Partitions: 
+-+--------------+------------+----------+
| |RTL Partition |Replication |Instances |
+-+--------------+------------+----------+
+-+--------------+------------+----------+
No constraint files found.
---------------------------------------------------------------------------------
Start RTL Component Statistics 
---------------------------------------------------------------------------------
Detailed RTL Component Info : 
+---Adders : 
	   2 Input     12 Bit       Adders := 1     
	   3 Input      6 Bit       Adders := 1     
	   2 Input      5 Bit       Adders := 3     
	   3 Input      5 Bit       Adders := 2     
+---XORs : 
	   2 Input      1 Bit         XORs := 1     
+---Registers : 
	               10 Bit    Registers := 1     
	                5 Bit    Registers := 1     
	                1 Bit    Registers := 1     
+---Muxes : 
	   2 Input     16 Bit        Muxes := 4     
	   7 Input     16 Bit        Muxes := 1     
	   2 Input     11 Bit        Muxes := 10    
	   2 Input     10 Bit        Muxes := 1     
	   2 Input      5 Bit        Muxes := 8     
	   2 Input      4 Bit        Muxes := 5     
	   5 Input      4 Bit        Muxes := 1     
	   2 Input      1 Bit        Muxes := 16    
	   8 Input      1 Bit        Muxes := 1     
	   4 Input      1 Bit        Muxes := 6     
---------------------------------------------------------------------------------
Finished RTL Component Statistics 
---------------------------------------------------------------------------------
---------------------------------------------------------------------------------
Start RTL Hierarchical Component Statistics 
---------------------------------------------------------------------------------
Hierarchical RTL Component report 
Module tanh 
Detailed RTL Component Info : 
+---Adders : 
	   2 Input      5 Bit       Adders := 1     
+---Muxes : 
	   2 Input     16 Bit        Muxes := 4     
	   7 Input     16 Bit        Muxes := 1     
	   2 Input      5 Bit        Muxes := 2     
	   2 Input      1 Bit        Muxes := 11    
	   8 Input      1 Bit        Muxes := 1     
	   4 Input      1 Bit        Muxes := 6     
Module fpMul 
Detailed RTL Component Info : 
+---Adders : 
	   3 Input      6 Bit       Adders := 1     
	   2 Input      5 Bit       Adders := 1     
+---XORs : 
	   2 Input      1 Bit         XORs := 1     
+---Registers : 
	               10 Bit    Registers := 1     
	                5 Bit    Registers := 1     
	                1 Bit    Registers := 1     
+---Muxes : 
	   2 Input     10 Bit        Muxes := 1     
	   2 Input      1 Bit        Muxes := 1     
Module fp_add_2 
Detailed RTL Component Info : 
+---Adders : 
	   2 Input     12 Bit       Adders := 1     
	   3 Input      5 Bit       Adders := 2     
	   2 Input      5 Bit       Adders := 1     
+---Muxes : 
	   2 Input     11 Bit        Muxes := 10    
	   2 Input      5 Bit        Muxes := 6     
	   2 Input      4 Bit        Muxes := 5     
	   5 Input      4 Bit        Muxes := 1     
	   2 Input      1 Bit        Muxes := 4     
---------------------------------------------------------------------------------
Finished RTL Hierarchical Component Statistics
---------------------------------------------------------------------------------
---------------------------------------------------------------------------------
Start Part Resource Summary
---------------------------------------------------------------------------------
Part Resources:
DSPs: 220 (col length:60)
BRAMs: 280 (col length: RAMB18 60 RAMB36 30)
---------------------------------------------------------------------------------
Finished Part Resource Summary
---------------------------------------------------------------------------------
Start Parallel Synthesis Optimization  : Time (s): cpu = 00:00:07 ; elapsed = 00:00:07 . Memory (MB): peak = 449.371 ; gain = 226.754
---------------------------------------------------------------------------------
Start Cross Boundary Optimization
---------------------------------------------------------------------------------
DSP Report: Generating DSP fmul/prod1, operation Mode is: A*B.
DSP Report: operator fmul/prod1 is absorbed into DSP fmul/prod1.
---------------------------------------------------------------------------------
Finished Cross Boundary Optimization : Time (s): cpu = 00:00:07 ; elapsed = 00:00:07 . Memory (MB): peak = 450.617 ; gain = 228.000
---------------------------------------------------------------------------------
Finished Parallel Reinference  : Time (s): cpu = 00:00:07 ; elapsed = 00:00:07 . Memory (MB): peak = 450.617 ; gain = 228.000

Report RTL Partitions: 
+-+--------------+------------+----------+
| |RTL Partition |Replication |Instances |
+-+--------------+------------+----------+
+-+--------------+------------+----------+
---------------------------------------------------------------------------------
Start ROM, RAM, DSP and Shift Register Reporting
---------------------------------------------------------------------------------

DSP:
+------------+-------------+--------------+--------+--------+--------+--------+--------+------+------+------+------+-------+------+------+
|Module Name | DSP Mapping | Neg Edge Clk | A Size | B Size | C Size | D Size | P Size | AREG | BREG | CREG | DREG | ADREG | MREG | PREG | 
+------------+-------------+--------------+--------+--------+--------+--------+--------+------+------+------+------+-------+------+------+
|fpMul       | A*B         | No           | 11     | 11     | 48     | 25     | 22     | 0    | 0    | 1    | 1    | 1     | 0    | 0    | 
+------------+-------------+--------------+--------+--------+--------+--------+--------+------+------+------+------+-------+------+------+

Note: The table shows the DSPs inferred at the current stage of the synthesis flow. Some DSP may be reimplemented as non DSP primitives later in the synthesis flow. Multiple instantiated DSPs are reported only once.
---------------------------------------------------------------------------------
Finished ROM, RAM, DSP and Shift Register Reporting
---------------------------------------------------------------------------------
No constraint files found.
WARNING: [Synth 8-3332] Sequential element (\fadd/done_reg ) is unused and will be removed from module tanh.
WARNING: [Synth 8-3332] Sequential element (\fadd/done_reg__0 ) is unused and will be removed from module tanh.
WARNING: [Synth 8-3332] Sequential element (\temp_mul_a_reg[15] ) is unused and will be removed from module tanh.
CRITICAL WARNING: [Synth 8-3352] multi-driven net Q with 1st driver pin 'temp_mul_a_reg[15]/Q' [D:/Users/IbrahimWael/Desktop/project_2/project_2.srcs/sources_1/new/tanh.v:139]
CRITICAL WARNING: [Synth 8-3352] multi-driven net Q with 2nd driver pin 'GND' [D:/Users/IbrahimWael/Desktop/project_2/project_2.srcs/sources_1/new/tanh.v:139]
CRITICAL WARNING: [Synth 8-5559] multi-driven net Q is connected to constant driver, other driver is ignored [D:/Users/IbrahimWael/Desktop/project_2/project_2.srcs/sources_1/new/tanh.v:139]
WARNING: [Synth 8-3332] Sequential element (\temp_mul_a_reg[14] ) is unused and will be removed from module tanh.
CRITICAL WARNING: [Synth 8-3352] multi-driven net Q with 1st driver pin 'temp_mul_a_reg[14]/Q' [D:/Users/IbrahimWael/Desktop/project_2/project_2.srcs/sources_1/new/tanh.v:139]
CRITICAL WARNING: [Synth 8-3352] multi-driven net Q with 2nd driver pin 'GND' [D:/Users/IbrahimWael/Desktop/project_2/project_2.srcs/sources_1/new/tanh.v:139]
CRITICAL WARNING: [Synth 8-5559] multi-driven net Q is connected to constant driver, other driver is ignored [D:/Users/IbrahimWael/Desktop/project_2/project_2.srcs/sources_1/new/tanh.v:139]
WARNING: [Synth 8-3332] Sequential element (\temp_mul_a_reg[13] ) is unused and will be removed from module tanh.
CRITICAL WARNING: [Synth 8-3352] multi-driven net Q with 1st driver pin 'temp_mul_a_reg[13]/Q' [D:/Users/IbrahimWael/Desktop/project_2/project_2.srcs/sources_1/new/tanh.v:139]
CRITICAL WARNING: [Synth 8-3352] multi-driven net Q with 2nd driver pin 'GND' [D:/Users/IbrahimWael/Desktop/project_2/project_2.srcs/sources_1/new/tanh.v:139]
CRITICAL WARNING: [Synth 8-5559] multi-driven net Q is connected to constant driver, other driver is ignored [D:/Users/IbrahimWael/Desktop/project_2/project_2.srcs/sources_1/new/tanh.v:139]
WARNING: [Synth 8-3332] Sequential element (\temp_mul_a_reg[12] ) is unused and will be removed from module tanh.
CRITICAL WARNING: [Synth 8-3352] multi-driven net Q with 1st driver pin 'temp_mul_a_reg[12]/Q' [D:/Users/IbrahimWael/Desktop/project_2/project_2.srcs/sources_1/new/tanh.v:139]
CRITICAL WARNING: [Synth 8-3352] multi-driven net Q with 2nd driver pin 'GND' [D:/Users/IbrahimWael/Desktop/project_2/project_2.srcs/sources_1/new/tanh.v:139]
CRITICAL WARNING: [Synth 8-5559] multi-driven net Q is connected to constant driver, other driver is ignored [D:/Users/IbrahimWael/Desktop/project_2/project_2.srcs/sources_1/new/tanh.v:139]
WARNING: [Synth 8-3332] Sequential element (\temp_mul_a_reg[11] ) is unused and will be removed from module tanh.
CRITICAL WARNING: [Synth 8-3352] multi-driven net Q with 1st driver pin 'temp_mul_a_reg[11]/Q' [D:/Users/IbrahimWael/Desktop/project_2/project_2.srcs/sources_1/new/tanh.v:139]
CRITICAL WARNING: [Synth 8-3352] multi-driven net Q with 2nd driver pin 'GND' [D:/Users/IbrahimWael/Desktop/project_2/project_2.srcs/sources_1/new/tanh.v:139]
CRITICAL WARNING: [Synth 8-5559] multi-driven net Q is connected to constant driver, other driver is ignored [D:/Users/IbrahimWael/Desktop/project_2/project_2.srcs/sources_1/new/tanh.v:139]
WARNING: [Synth 8-3332] Sequential element (\temp_mul_a_reg[10] ) is unused and will be removed from module tanh.
CRITICAL WARNING: [Synth 8-3352] multi-driven net Q with 1st driver pin 'temp_mul_a_reg[10]/Q' [D:/Users/IbrahimWael/Desktop/project_2/project_2.srcs/sources_1/new/tanh.v:139]
CRITICAL WARNING: [Synth 8-3352] multi-driven net Q with 2nd driver pin 'GND' [D:/Users/IbrahimWael/Desktop/project_2/project_2.srcs/sources_1/new/tanh.v:139]
CRITICAL WARNING: [Synth 8-5559] multi-driven net Q is connected to constant driver, other driver is ignored [D:/Users/IbrahimWael/Desktop/project_2/project_2.srcs/sources_1/new/tanh.v:139]
WARNING: [Synth 8-3332] Sequential element (\temp_mul_a_reg[9] ) is unused and will be removed from module tanh.
CRITICAL WARNING: [Synth 8-3352] multi-driven net Q with 1st driver pin 'temp_mul_a_reg[9]/Q' [D:/Users/IbrahimWael/Desktop/project_2/project_2.srcs/sources_1/new/tanh.v:139]
CRITICAL WARNING: [Synth 8-3352] multi-driven net Q with 2nd driver pin 'GND' [D:/Users/IbrahimWael/Desktop/project_2/project_2.srcs/sources_1/new/tanh.v:139]
CRITICAL WARNING: [Synth 8-5559] multi-driven net Q is connected to constant driver, other driver is ignored [D:/Users/IbrahimWael/Desktop/project_2/project_2.srcs/sources_1/new/tanh.v:139]
WARNING: [Synth 8-3332] Sequential element (\temp_mul_a_reg[8] ) is unused and will be removed from module tanh.
CRITICAL WARNING: [Synth 8-3352] multi-driven net Q with 1st driver pin 'temp_mul_a_reg[8]/Q' [D:/Users/IbrahimWael/Desktop/project_2/project_2.srcs/sources_1/new/tanh.v:139]
CRITICAL WARNING: [Synth 8-3352] multi-driven net Q with 2nd driver pin 'GND' [D:/Users/IbrahimWael/Desktop/project_2/project_2.srcs/sources_1/new/tanh.v:139]
CRITICAL WARNING: [Synth 8-5559] multi-driven net Q is connected to constant driver, other driver is ignored [D:/Users/IbrahimWael/Desktop/project_2/project_2.srcs/sources_1/new/tanh.v:139]
WARNING: [Synth 8-3332] Sequential element (\temp_mul_a_reg[7] ) is unused and will be removed from module tanh.
CRITICAL WARNING: [Synth 8-3352] multi-driven net Q with 1st driver pin 'temp_mul_a_reg[7]/Q' [D:/Users/IbrahimWael/Desktop/project_2/project_2.srcs/sources_1/new/tanh.v:139]
CRITICAL WARNING: [Synth 8-3352] multi-driven net Q with 2nd driver pin 'GND' [D:/Users/IbrahimWael/Desktop/project_2/project_2.srcs/sources_1/new/tanh.v:139]
CRITICAL WARNING: [Synth 8-5559] multi-driven net Q is connected to constant driver, other driver is ignored [D:/Users/IbrahimWael/Desktop/project_2/project_2.srcs/sources_1/new/tanh.v:139]
WARNING: [Synth 8-3332] Sequential element (\temp_mul_a_reg[6] ) is unused and will be removed from module tanh.
CRITICAL WARNING: [Synth 8-3352] multi-driven net Q with 1st driver pin 'temp_mul_a_reg[6]/Q' [D:/Users/IbrahimWael/Desktop/project_2/project_2.srcs/sources_1/new/tanh.v:139]
CRITICAL WARNING: [Synth 8-3352] multi-driven net Q with 2nd driver pin 'GND' [D:/Users/IbrahimWael/Desktop/project_2/project_2.srcs/sources_1/new/tanh.v:139]
CRITICAL WARNING: [Synth 8-5559] multi-driven net Q is connected to constant driver, other driver is ignored [D:/Users/IbrahimWael/Desktop/project_2/project_2.srcs/sources_1/new/tanh.v:139]
WARNING: [Synth 8-3332] Sequential element (\temp_mul_a_reg[5] ) is unused and will be removed from module tanh.
CRITICAL WARNING: [Synth 8-3352] multi-driven net Q with 1st driver pin 'temp_mul_a_reg[5]/Q' [D:/Users/IbrahimWael/Desktop/project_2/project_2.srcs/sources_1/new/tanh.v:139]
CRITICAL WARNING: [Synth 8-3352] multi-driven net Q with 2nd driver pin 'GND' [D:/Users/IbrahimWael/Desktop/project_2/project_2.srcs/sources_1/new/tanh.v:139]
CRITICAL WARNING: [Synth 8-5559] multi-driven net Q is connected to constant driver, other driver is ignored [D:/Users/IbrahimWael/Desktop/project_2/project_2.srcs/sources_1/new/tanh.v:139]
WARNING: [Synth 8-3332] Sequential element (\temp_mul_a_reg[4] ) is unused and will be removed from module tanh.
CRITICAL WARNING: [Synth 8-3352] multi-driven net Q with 1st driver pin 'temp_mul_a_reg[4]/Q' [D:/Users/IbrahimWael/Desktop/project_2/project_2.srcs/sources_1/new/tanh.v:139]
CRITICAL WARNING: [Synth 8-3352] multi-driven net Q with 2nd driver pin 'GND' [D:/Users/IbrahimWael/Desktop/project_2/project_2.srcs/sources_1/new/tanh.v:139]
CRITICAL WARNING: [Synth 8-5559] multi-driven net Q is connected to constant driver, other driver is ignored [D:/Users/IbrahimWael/Desktop/project_2/project_2.srcs/sources_1/new/tanh.v:139]
WARNING: [Synth 8-3332] Sequential element (\temp_mul_a_reg[3] ) is unused and will be removed from module tanh.
CRITICAL WARNING: [Synth 8-3352] multi-driven net Q with 1st driver pin 'temp_mul_a_reg[3]/Q' [D:/Users/IbrahimWael/Desktop/project_2/project_2.srcs/sources_1/new/tanh.v:139]
CRITICAL WARNING: [Synth 8-3352] multi-driven net Q with 2nd driver pin 'GND' [D:/Users/IbrahimWael/Desktop/project_2/project_2.srcs/sources_1/new/tanh.v:139]
CRITICAL WARNING: [Synth 8-5559] multi-driven net Q is connected to constant driver, other driver is ignored [D:/Users/IbrahimWael/Desktop/project_2/project_2.srcs/sources_1/new/tanh.v:139]
WARNING: [Synth 8-3332] Sequential element (\temp_mul_a_reg[2] ) is unused and will be removed from module tanh.
CRITICAL WARNING: [Synth 8-3352] multi-driven net Q with 1st driver pin 'temp_mul_a_reg[2]/Q' [D:/Users/IbrahimWael/Desktop/project_2/project_2.srcs/sources_1/new/tanh.v:139]
CRITICAL WARNING: [Synth 8-3352] multi-driven net Q with 2nd driver pin 'GND' [D:/Users/IbrahimWael/Desktop/project_2/project_2.srcs/sources_1/new/tanh.v:139]
CRITICAL WARNING: [Synth 8-5559] multi-driven net Q is connected to constant driver, other driver is ignored [D:/Users/IbrahimWael/Desktop/project_2/project_2.srcs/sources_1/new/tanh.v:139]
WARNING: [Synth 8-3332] Sequential element (\temp_mul_a_reg[1] ) is unused and will be removed from module tanh.
CRITICAL WARNING: [Synth 8-3352] multi-driven net Q with 1st driver pin 'temp_mul_a_reg[1]/Q' [D:/Users/IbrahimWael/Desktop/project_2/project_2.srcs/sources_1/new/tanh.v:139]
CRITICAL WARNING: [Synth 8-3352] multi-driven net Q with 2nd driver pin 'GND' [D:/Users/IbrahimWael/Desktop/project_2/project_2.srcs/sources_1/new/tanh.v:139]
CRITICAL WARNING: [Synth 8-5559] multi-driven net Q is connected to constant driver, other driver is ignored [D:/Users/IbrahimWael/Desktop/project_2/project_2.srcs/sources_1/new/tanh.v:139]
WARNING: [Synth 8-3332] Sequential element (\temp_mul_a_reg[0] ) is unused and will be removed from module tanh.
CRITICAL WARNING: [Synth 8-3352] multi-driven net Q with 1st driver pin 'temp_mul_a_reg[0]/Q' [D:/Users/IbrahimWael/Desktop/project_2/project_2.srcs/sources_1/new/tanh.v:139]
CRITICAL WARNING: [Synth 8-3352] multi-driven net Q with 2nd driver pin 'GND' [D:/Users/IbrahimWael/Desktop/project_2/project_2.srcs/sources_1/new/tanh.v:139]
CRITICAL WARNING: [Synth 8-5559] multi-driven net Q is connected to constant driver, other driver is ignored [D:/Users/IbrahimWael/Desktop/project_2/project_2.srcs/sources_1/new/tanh.v:139]
WARNING: [Synth 8-3332] Sequential element (\temp_mul_a_reg[15]__0 ) is unused and will be removed from module tanh.
WARNING: [Synth 8-3332] Sequential element (\temp_mul_a_reg[14]__0 ) is unused and will be removed from module tanh.
WARNING: [Synth 8-3332] Sequential element (\temp_mul_a_reg[13]__0 ) is unused and will be removed from module tanh.
WARNING: [Synth 8-3332] Sequential element (\temp_mul_a_reg[12]__0 ) is unused and will be removed from module tanh.
WARNING: [Synth 8-3332] Sequential element (\temp_mul_a_reg[11]__0 ) is unused and will be removed from module tanh.
WARNING: [Synth 8-3332] Sequential element (\temp_mul_a_reg[10]__0 ) is unused and will be removed from module tanh.
WARNING: [Synth 8-3332] Sequential element (\temp_mul_a_reg[9]__0 ) is unused and will be removed from module tanh.
WARNING: [Synth 8-3332] Sequential element (\temp_mul_a_reg[8]__0 ) is unused and will be removed from module tanh.
WARNING: [Synth 8-3332] Sequential element (\temp_mul_a_reg[7]__0 ) is unused and will be removed from module tanh.
WARNING: [Synth 8-3332] Sequential element (\temp_mul_a_reg[6]__0 ) is unused and will be removed from module tanh.
WARNING: [Synth 8-3332] Sequential element (\temp_mul_a_reg[5]__0 ) is unused and will be removed from module tanh.
WARNING: [Synth 8-3332] Sequential element (\temp_mul_a_reg[4]__0 ) is unused and will be removed from module tanh.
WARNING: [Synth 8-3332] Sequential element (\temp_mul_a_reg[3]__0 ) is unused and will be removed from module tanh.
WARNING: [Synth 8-3332] Sequential element (\temp_mul_a_reg[2]__0 ) is unused and will be removed from module tanh.
WARNING: [Synth 8-3332] Sequential element (\temp_mul_a_reg[1]__0 ) is unused and will be removed from module tanh.
WARNING: [Synth 8-3332] Sequential element (\temp_mul_a_reg[0]__0 ) is unused and will be removed from module tanh.
WARNING: [Synth 8-3332] Sequential element (\temp_mul_b_reg[15] ) is unused and will be removed from module tanh.
CRITICAL WARNING: [Synth 8-3352] multi-driven net Q with 1st driver pin 'temp_mul_b_reg[15]/Q' [D:/Users/IbrahimWael/Desktop/project_2/project_2.srcs/sources_1/new/tanh.v:140]
CRITICAL WARNING: [Synth 8-3352] multi-driven net Q with 2nd driver pin 'GND' [D:/Users/IbrahimWael/Desktop/project_2/project_2.srcs/sources_1/new/tanh.v:140]
CRITICAL WARNING: [Synth 8-5559] multi-driven net Q is connected to constant driver, other driver is ignored [D:/Users/IbrahimWael/Desktop/project_2/project_2.srcs/sources_1/new/tanh.v:140]
WARNING: [Synth 8-3332] Sequential element (\temp_mul_b_reg[14] ) is unused and will be removed from module tanh.
CRITICAL WARNING: [Synth 8-3352] multi-driven net Q with 1st driver pin 'temp_mul_b_reg[14]/Q' [D:/Users/IbrahimWael/Desktop/project_2/project_2.srcs/sources_1/new/tanh.v:140]
CRITICAL WARNING: [Synth 8-3352] multi-driven net Q with 2nd driver pin 'GND' [D:/Users/IbrahimWael/Desktop/project_2/project_2.srcs/sources_1/new/tanh.v:140]
CRITICAL WARNING: [Synth 8-5559] multi-driven net Q is connected to constant driver, other driver is ignored [D:/Users/IbrahimWael/Desktop/project_2/project_2.srcs/sources_1/new/tanh.v:140]
WARNING: [Synth 8-3332] Sequential element (\temp_mul_b_reg[13] ) is unused and will be removed from module tanh.
CRITICAL WARNING: [Synth 8-3352] multi-driven net Q with 1st driver pin 'temp_mul_b_reg[13]/Q' [D:/Users/IbrahimWael/Desktop/project_2/project_2.srcs/sources_1/new/tanh.v:140]
CRITICAL WARNING: [Synth 8-3352] multi-driven net Q with 2nd driver pin 'GND' [D:/Users/IbrahimWael/Desktop/project_2/project_2.srcs/sources_1/new/tanh.v:140]
CRITICAL WARNING: [Synth 8-5559] multi-driven net Q is connected to constant driver, other driver is ignored [D:/Users/IbrahimWael/Desktop/project_2/project_2.srcs/sources_1/new/tanh.v:140]
WARNING: [Synth 8-3332] Sequential element (\temp_mul_b_reg[12] ) is unused and will be removed from module tanh.
CRITICAL WARNING: [Synth 8-3352] multi-driven net Q with 1st driver pin 'temp_mul_b_reg[12]/Q' [D:/Users/IbrahimWael/Desktop/project_2/project_2.srcs/sources_1/new/tanh.v:140]
CRITICAL WARNING: [Synth 8-3352] multi-driven net Q with 2nd driver pin 'GND' [D:/Users/IbrahimWael/Desktop/project_2/project_2.srcs/sources_1/new/tanh.v:140]
CRITICAL WARNING: [Synth 8-5559] multi-driven net Q is connected to constant driver, other driver is ignored [D:/Users/IbrahimWael/Desktop/project_2/project_2.srcs/sources_1/new/tanh.v:140]
WARNING: [Synth 8-3332] Sequential element (\temp_mul_b_reg[11] ) is unused and will be removed from module tanh.
CRITICAL WARNING: [Synth 8-3352] multi-driven net Q with 1st driver pin 'temp_mul_b_reg[11]/Q' [D:/Users/IbrahimWael/Desktop/project_2/project_2.srcs/sources_1/new/tanh.v:140]
CRITICAL WARNING: [Synth 8-3352] multi-driven net Q with 2nd driver pin 'GND' [D:/Users/IbrahimWael/Desktop/project_2/project_2.srcs/sources_1/new/tanh.v:140]
CRITICAL WARNING: [Synth 8-5559] multi-driven net Q is connected to constant driver, other driver is ignored [D:/Users/IbrahimWael/Desktop/project_2/project_2.srcs/sources_1/new/tanh.v:140]
WARNING: [Synth 8-3332] Sequential element (\temp_mul_b_reg[10] ) is unused and will be removed from module tanh.
CRITICAL WARNING: [Synth 8-3352] multi-driven net Q with 1st driver pin 'temp_mul_b_reg[10]/Q' [D:/Users/IbrahimWael/Desktop/project_2/project_2.srcs/sources_1/new/tanh.v:140]
CRITICAL WARNING: [Synth 8-3352] multi-driven net Q with 2nd driver pin 'GND' [D:/Users/IbrahimWael/Desktop/project_2/project_2.srcs/sources_1/new/tanh.v:140]
CRITICAL WARNING: [Synth 8-5559] multi-driven net Q is connected to constant driver, other driver is ignored [D:/Users/IbrahimWael/Desktop/project_2/project_2.srcs/sources_1/new/tanh.v:140]
WARNING: [Synth 8-3332] Sequential element (\temp_mul_b_reg[9] ) is unused and will be removed from module tanh.
CRITICAL WARNING: [Synth 8-3352] multi-driven net Q with 1st driver pin 'temp_mul_b_reg[9]/Q' [D:/Users/IbrahimWael/Desktop/project_2/project_2.srcs/sources_1/new/tanh.v:140]
CRITICAL WARNING: [Synth 8-3352] multi-driven net Q with 2nd driver pin 'GND' [D:/Users/IbrahimWael/Desktop/project_2/project_2.srcs/sources_1/new/tanh.v:140]
CRITICAL WARNING: [Synth 8-5559] multi-driven net Q is connected to constant driver, other driver is ignored [D:/Users/IbrahimWael/Desktop/project_2/project_2.srcs/sources_1/new/tanh.v:140]
WARNING: [Synth 8-3332] Sequential element (\temp_mul_b_reg[8] ) is unused and will be removed from module tanh.
CRITICAL WARNING: [Synth 8-3352] multi-driven net Q with 1st driver pin 'temp_mul_b_reg[8]/Q' [D:/Users/IbrahimWael/Desktop/project_2/project_2.srcs/sources_1/new/tanh.v:140]
CRITICAL WARNING: [Synth 8-3352] multi-driven net Q with 2nd driver pin 'GND' [D:/Users/IbrahimWael/Desktop/project_2/project_2.srcs/sources_1/new/tanh.v:140]
CRITICAL WARNING: [Synth 8-5559] multi-driven net Q is connected to constant driver, other driver is ignored [D:/Users/IbrahimWael/Desktop/project_2/project_2.srcs/sources_1/new/tanh.v:140]
WARNING: [Synth 8-3332] Sequential element (\temp_mul_b_reg[7] ) is unused and will be removed from module tanh.
CRITICAL WARNING: [Synth 8-3352] multi-driven net Q with 1st driver pin 'temp_mul_b_reg[7]/Q' [D:/Users/IbrahimWael/Desktop/project_2/project_2.srcs/sources_1/new/tanh.v:140]
CRITICAL WARNING: [Synth 8-3352] multi-driven net Q with 2nd driver pin 'GND' [D:/Users/IbrahimWael/Desktop/project_2/project_2.srcs/sources_1/new/tanh.v:140]
CRITICAL WARNING: [Synth 8-5559] multi-driven net Q is connected to constant driver, other driver is ignored [D:/Users/IbrahimWael/Desktop/project_2/project_2.srcs/sources_1/new/tanh.v:140]
WARNING: [Synth 8-3332] Sequential element (\temp_mul_b_reg[6] ) is unused and will be removed from module tanh.
CRITICAL WARNING: [Synth 8-3352] multi-driven net Q with 1st driver pin 'temp_mul_b_reg[6]/Q' [D:/Users/IbrahimWael/Desktop/project_2/project_2.srcs/sources_1/new/tanh.v:140]
CRITICAL WARNING: [Synth 8-3352] multi-driven net Q with 2nd driver pin 'GND' [D:/Users/IbrahimWael/Desktop/project_2/project_2.srcs/sources_1/new/tanh.v:140]
CRITICAL WARNING: [Synth 8-5559] multi-driven net Q is connected to constant driver, other driver is ignored [D:/Users/IbrahimWael/Desktop/project_2/project_2.srcs/sources_1/new/tanh.v:140]
WARNING: [Synth 8-3332] Sequential element (\temp_mul_b_reg[5] ) is unused and will be removed from module tanh.
CRITICAL WARNING: [Synth 8-3352] multi-driven net Q with 1st driver pin 'temp_mul_b_reg[5]/Q' [D:/Users/IbrahimWael/Desktop/project_2/project_2.srcs/sources_1/new/tanh.v:140]
CRITICAL WARNING: [Synth 8-3352] multi-driven net Q with 2nd driver pin 'GND' [D:/Users/IbrahimWael/Desktop/project_2/project_2.srcs/sources_1/new/tanh.v:140]
CRITICAL WARNING: [Synth 8-5559] multi-driven net Q is connected to constant driver, other driver is ignored [D:/Users/IbrahimWael/Desktop/project_2/project_2.srcs/sources_1/new/tanh.v:140]
WARNING: [Synth 8-3332] Sequential element (\temp_mul_b_reg[4] ) is unused and will be removed from module tanh.
CRITICAL WARNING: [Synth 8-3352] multi-driven net Q with 1st driver pin 'temp_mul_b_reg[4]/Q' [D:/Users/IbrahimWael/Desktop/project_2/project_2.srcs/sources_1/new/tanh.v:140]
CRITICAL WARNING: [Synth 8-3352] multi-driven net Q with 2nd driver pin 'GND' [D:/Users/IbrahimWael/Desktop/project_2/project_2.srcs/sources_1/new/tanh.v:140]
CRITICAL WARNING: [Synth 8-5559] multi-driven net Q is connected to constant driver, other driver is ignored [D:/Users/IbrahimWael/Desktop/project_2/project_2.srcs/sources_1/new/tanh.v:140]
WARNING: [Synth 8-3332] Sequential element (\temp_mul_b_reg[3] ) is unused and will be removed from module tanh.
CRITICAL WARNING: [Synth 8-3352] multi-driven net Q with 1st driver pin 'temp_mul_b_reg[3]/Q' [D:/Users/IbrahimWael/Desktop/project_2/project_2.srcs/sources_1/new/tanh.v:140]
CRITICAL WARNING: [Synth 8-3352] multi-driven net Q with 2nd driver pin 'GND' [D:/Users/IbrahimWael/Desktop/project_2/project_2.srcs/sources_1/new/tanh.v:140]
CRITICAL WARNING: [Synth 8-5559] multi-driven net Q is connected to constant driver, other driver is ignored [D:/Users/IbrahimWael/Desktop/project_2/project_2.srcs/sources_1/new/tanh.v:140]
WARNING: [Synth 8-3332] Sequential element (\temp_mul_b_reg[2] ) is unused and will be removed from module tanh.
CRITICAL WARNING: [Synth 8-3352] multi-driven net Q with 1st driver pin 'temp_mul_b_reg[2]/Q' [D:/Users/IbrahimWael/Desktop/project_2/project_2.srcs/sources_1/new/tanh.v:140]
CRITICAL WARNING: [Synth 8-3352] multi-driven net Q with 2nd driver pin 'GND' [D:/Users/IbrahimWael/Desktop/project_2/project_2.srcs/sources_1/new/tanh.v:140]
CRITICAL WARNING: [Synth 8-5559] multi-driven net Q is connected to constant driver, other driver is ignored [D:/Users/IbrahimWael/Desktop/project_2/project_2.srcs/sources_1/new/tanh.v:140]
WARNING: [Synth 8-3332] Sequential element (\temp_mul_b_reg[1] ) is unused and will be removed from module tanh.
CRITICAL WARNING: [Synth 8-3352] multi-driven net Q with 1st driver pin 'temp_mul_b_reg[1]/Q' [D:/Users/IbrahimWael/Desktop/project_2/project_2.srcs/sources_1/new/tanh.v:140]
CRITICAL WARNING: [Synth 8-3352] multi-driven net Q with 2nd driver pin 'GND' [D:/Users/IbrahimWael/Desktop/project_2/project_2.srcs/sources_1/new/tanh.v:140]
CRITICAL WARNING: [Synth 8-5559] multi-driven net Q is connected to constant driver, other driver is ignored [D:/Users/IbrahimWael/Desktop/project_2/project_2.srcs/sources_1/new/tanh.v:140]
WARNING: [Synth 8-3332] Sequential element (\temp_mul_b_reg[0] ) is unused and will be removed from module tanh.
CRITICAL WARNING: [Synth 8-3352] multi-driven net Q with 1st driver pin 'temp_mul_b_reg[0]/Q' [D:/Users/IbrahimWael/Desktop/project_2/project_2.srcs/sources_1/new/tanh.v:140]
CRITICAL WARNING: [Synth 8-3352] multi-driven net Q with 2nd driver pin 'GND' [D:/Users/IbrahimWael/Desktop/project_2/project_2.srcs/sources_1/new/tanh.v:140]
CRITICAL WARNING: [Synth 8-5559] multi-driven net Q is connected to constant driver, other driver is ignored [D:/Users/IbrahimWael/Desktop/project_2/project_2.srcs/sources_1/new/tanh.v:140]
WARNING: [Synth 8-3332] Sequential element (\temp_mul_b_reg[15]__0 ) is unused and will be removed from module tanh.
WARNING: [Synth 8-3332] Sequential element (\temp_mul_b_reg[14]__0 ) is unused and will be removed from module tanh.
WARNING: [Synth 8-3332] Sequential element (\temp_mul_b_reg[13]__0 ) is unused and will be removed from module tanh.
WARNING: [Synth 8-3332] Sequential element (\temp_mul_b_reg[12]__0 ) is unused and will be removed from module tanh.
WARNING: [Synth 8-3332] Sequential element (\temp_mul_b_reg[11]__0 ) is unused and will be removed from module tanh.
WARNING: [Synth 8-3332] Sequential element (\temp_mul_b_reg[10]__0 ) is unused and will be removed from module tanh.
WARNING: [Synth 8-3332] Sequential element (\temp_mul_b_reg[9]__0 ) is unused and will be removed from module tanh.
WARNING: [Synth 8-3332] Sequential element (\temp_mul_b_reg[8]__0 ) is unused and will be removed from module tanh.
WARNING: [Synth 8-3332] Sequential element (\temp_mul_b_reg[7]__0 ) is unused and will be removed from module tanh.
WARNING: [Synth 8-3332] Sequential element (\temp_mul_b_reg[6]__0 ) is unused and will be removed from module tanh.
WARNING: [Synth 8-3332] Sequential element (\temp_mul_b_reg[5]__0 ) is unused and will be removed from module tanh.
WARNING: [Synth 8-3332] Sequential element (\temp_mul_b_reg[4]__0 ) is unused and will be removed from module tanh.
WARNING: [Synth 8-3332] Sequential element (\temp_mul_b_reg[3]__0 ) is unused and will be removed from module tanh.
WARNING: [Synth 8-3332] Sequential element (\temp_mul_b_reg[2]__0 ) is unused and will be removed from module tanh.
WARNING: [Synth 8-3332] Sequential element (\temp_mul_b_reg[1]__0 ) is unused and will be removed from module tanh.
WARNING: [Synth 8-3332] Sequential element (\temp_mul_b_reg[0]__0 ) is unused and will be removed from module tanh.
WARNING: [Synth 8-3332] Sequential element (\x_power_seven_reg[15] ) is unused and will be removed from module tanh.
WARNING: [Synth 8-3332] Sequential element (\x_power_seven_reg[14] ) is unused and will be removed from module tanh.
WARNING: [Synth 8-3332] Sequential element (\x_power_seven_reg[13] ) is unused and will be removed from module tanh.
WARNING: [Synth 8-3332] Sequential element (\x_power_seven_reg[12] ) is unused and will be removed from module tanh.
WARNING: [Synth 8-3332] Sequential element (\x_power_seven_reg[11] ) is unused and will be removed from module tanh.
WARNING: [Synth 8-3332] Sequential element (\x_power_seven_reg[10] ) is unused and will be removed from module tanh.
WARNING: [Synth 8-3332] Sequential element (\x_power_seven_reg[9] ) is unused and will be removed from module tanh.
WARNING: [Synth 8-3332] Sequential element (\x_power_seven_reg[8] ) is unused and will be removed from module tanh.
WARNING: [Synth 8-3332] Sequential element (\x_power_seven_reg[7] ) is unused and will be removed from module tanh.
WARNING: [Synth 8-3332] Sequential element (\x_power_seven_reg[6] ) is unused and will be removed from module tanh.
WARNING: [Synth 8-3332] Sequential element (\x_power_seven_reg[5] ) is unused and will be removed from module tanh.
WARNING: [Synth 8-3332] Sequential element (\x_power_seven_reg[4] ) is unused and will be removed from module tanh.
WARNING: [Synth 8-3332] Sequential element (\x_power_seven_reg[3] ) is unused and will be removed from module tanh.
WARNING: [Synth 8-3332] Sequential element (\x_power_seven_reg[2] ) is unused and will be removed from module tanh.
WARNING: [Synth 8-3332] Sequential element (\x_power_seven_reg[1] ) is unused and will be removed from module tanh.
WARNING: [Synth 8-3332] Sequential element (\x_power_seven_reg[0] ) is unused and will be removed from module tanh.
WARNING: [Synth 8-3332] Sequential element (\x_power_two_reg[15] ) is unused and will be removed from module tanh.
WARNING: [Synth 8-3332] Sequential element (\x_power_two_reg[14] ) is unused and will be removed from module tanh.
WARNING: [Synth 8-3332] Sequential element (\x_power_two_reg[13] ) is unused and will be removed from module tanh.
WARNING: [Synth 8-3332] Sequential element (\x_power_two_reg[12] ) is unused and will be removed from module tanh.
WARNING: [Synth 8-3332] Sequential element (\x_power_two_reg[11] ) is unused and will be removed from module tanh.
WARNING: [Synth 8-3332] Sequential element (\x_power_two_reg[10] ) is unused and will be removed from module tanh.
WARNING: [Synth 8-3332] Sequential element (\x_power_two_reg[9] ) is unused and will be removed from module tanh.
WARNING: [Synth 8-3332] Sequential element (\x_power_two_reg[8] ) is unused and will be removed from module tanh.
WARNING: [Synth 8-3332] Sequential element (\x_power_two_reg[7] ) is unused and will be removed from module tanh.
WARNING: [Synth 8-3332] Sequential element (\x_power_two_reg[6] ) is unused and will be removed from module tanh.
WARNING: [Synth 8-3332] Sequential element (\x_power_two_reg[5] ) is unused and will be removed from module tanh.
WARNING: [Synth 8-3332] Sequential element (\x_power_two_reg[4] ) is unused and will be removed from module tanh.
WARNING: [Synth 8-3332] Sequential element (\x_power_two_reg[3] ) is unused and will be removed from module tanh.
WARNING: [Synth 8-3332] Sequential element (\x_power_two_reg[2] ) is unused and will be removed from module tanh.
WARNING: [Synth 8-3332] Sequential element (\x_power_two_reg[1] ) is unused and will be removed from module tanh.
WARNING: [Synth 8-3332] Sequential element (\x_power_two_reg[0] ) is unused and will be removed from module tanh.
WARNING: [Synth 8-3332] Sequential element (\x_power_three_reg[15] ) is unused and will be removed from module tanh.
WARNING: [Synth 8-3332] Sequential element (\x_power_three_reg[14] ) is unused and will be removed from module tanh.
INFO: [Common 17-14] Message 'Synth 8-3332' appears 100 times and further instances of the messages will be disabled. Use the Tcl command set_msg_config to change the current settings.
---------------------------------------------------------------------------------
Start Area Optimization
---------------------------------------------------------------------------------
---------------------------------------------------------------------------------
Finished Area Optimization : Time (s): cpu = 00:00:09 ; elapsed = 00:00:09 . Memory (MB): peak = 498.016 ; gain = 275.398
---------------------------------------------------------------------------------
Finished Parallel Area Optimization  : Time (s): cpu = 00:00:09 ; elapsed = 00:00:09 . Memory (MB): peak = 498.016 ; gain = 275.398

Report RTL Partitions: 
+-+--------------+------------+----------+
| |RTL Partition |Replication |Instances |
+-+--------------+------------+----------+
+-+--------------+------------+----------+
Finished Parallel Synthesis Optimization  : Time (s): cpu = 00:00:09 ; elapsed = 00:00:09 . Memory (MB): peak = 498.016 ; gain = 275.398
---------------------------------------------------------------------------------
Start Timing Optimization
---------------------------------------------------------------------------------
No constraint files found.
---------------------------------------------------------------------------------
Finished Timing Optimization : Time (s): cpu = 00:00:09 ; elapsed = 00:00:09 . Memory (MB): peak = 498.016 ; gain = 275.398
---------------------------------------------------------------------------------

Report RTL Partitions: 
+-+--------------+------------+----------+
| |RTL Partition |Replication |Instances |
+-+--------------+------------+----------+
+-+--------------+------------+----------+
---------------------------------------------------------------------------------
Start Technology Mapping
---------------------------------------------------------------------------------
---------------------------------------------------------------------------------
Finished Technology Mapping : Time (s): cpu = 00:00:09 ; elapsed = 00:00:09 . Memory (MB): peak = 498.016 ; gain = 275.398
---------------------------------------------------------------------------------

Report RTL Partitions: 
+-+--------------+------------+----------+
| |RTL Partition |Replication |Instances |
+-+--------------+------------+----------+
+-+--------------+------------+----------+
---------------------------------------------------------------------------------
Start IO Insertion
---------------------------------------------------------------------------------
---------------------------------------------------------------------------------
Start Final Netlist Cleanup
---------------------------------------------------------------------------------
---------------------------------------------------------------------------------
Finished Final Netlist Cleanup
---------------------------------------------------------------------------------
---------------------------------------------------------------------------------
Finished IO Insertion : Time (s): cpu = 00:00:09 ; elapsed = 00:00:09 . Memory (MB): peak = 498.016 ; gain = 275.398
---------------------------------------------------------------------------------
CRITICAL WARNING: [Synth 8-3352] multi-driven net i[4] with 1st driver pin 'i_reg[4]/Q' [D:/Users/IbrahimWael/Desktop/project_2/project_2.srcs/sources_1/new/tanh.v:83]
CRITICAL WARNING: [Synth 8-3352] multi-driven net i[4] with 2nd driver pin 'i_reg[4]__0/Q' [D:/Users/IbrahimWael/Desktop/project_2/project_2.srcs/sources_1/new/tanh.v:37]
CRITICAL WARNING: [Synth 8-3352] multi-driven net i[3] with 1st driver pin 'i_reg[3]/Q' [D:/Users/IbrahimWael/Desktop/project_2/project_2.srcs/sources_1/new/tanh.v:83]
CRITICAL WARNING: [Synth 8-3352] multi-driven net i[3] with 2nd driver pin 'i_reg[3]__0/Q' [D:/Users/IbrahimWael/Desktop/project_2/project_2.srcs/sources_1/new/tanh.v:37]
CRITICAL WARNING: [Synth 8-3352] multi-driven net i[2] with 1st driver pin 'i_reg[2]/Q' [D:/Users/IbrahimWael/Desktop/project_2/project_2.srcs/sources_1/new/tanh.v:83]
CRITICAL WARNING: [Synth 8-3352] multi-driven net i[2] with 2nd driver pin 'i_reg[2]__0/Q' [D:/Users/IbrahimWael/Desktop/project_2/project_2.srcs/sources_1/new/tanh.v:37]
CRITICAL WARNING: [Synth 8-3352] multi-driven net i[1] with 1st driver pin 'i_reg[1]/Q' [D:/Users/IbrahimWael/Desktop/project_2/project_2.srcs/sources_1/new/tanh.v:83]
CRITICAL WARNING: [Synth 8-3352] multi-driven net i[1] with 2nd driver pin 'i_reg[1]__0/Q' [D:/Users/IbrahimWael/Desktop/project_2/project_2.srcs/sources_1/new/tanh.v:37]
CRITICAL WARNING: [Synth 8-3352] multi-driven net i[0] with 1st driver pin 'i_reg[0]/Q' [D:/Users/IbrahimWael/Desktop/project_2/project_2.srcs/sources_1/new/tanh.v:83]
CRITICAL WARNING: [Synth 8-3352] multi-driven net i[0] with 2nd driver pin 'i_reg[0]__0/Q' [D:/Users/IbrahimWael/Desktop/project_2/project_2.srcs/sources_1/new/tanh.v:37]

Report Check Netlist: 
+------+------------------+-------+---------+-------+------------------+
|      |Item              |Errors |Warnings |Status |Description       |
+------+------------------+-------+---------+-------+------------------+
|1     |multi_driven_nets |      0|        5|Failed |Multi driven nets |
+------+------------------+-------+---------+-------+------------------+
---------------------------------------------------------------------------------
Start Renaming Generated Instances
---------------------------------------------------------------------------------
---------------------------------------------------------------------------------
Finished Renaming Generated Instances : Time (s): cpu = 00:00:09 ; elapsed = 00:00:09 . Memory (MB): peak = 498.016 ; gain = 275.398
---------------------------------------------------------------------------------

Report RTL Partitions: 
+-+--------------+------------+----------+
| |RTL Partition |Replication |Instances |
+-+--------------+------------+----------+
+-+--------------+------------+----------+
---------------------------------------------------------------------------------
Start Rebuilding User Hierarchy
---------------------------------------------------------------------------------
---------------------------------------------------------------------------------
Finished Rebuilding User Hierarchy : Time (s): cpu = 00:00:09 ; elapsed = 00:00:09 . Memory (MB): peak = 498.016 ; gain = 275.398
---------------------------------------------------------------------------------
---------------------------------------------------------------------------------
Start Renaming Generated Ports : Time (s): cpu = 00:00:09 ; elapsed = 00:00:09 . Memory (MB): peak = 498.016 ; gain = 275.398
---------------------------------------------------------------------------------
---------------------------------------------------------------------------------
Finished Renaming Generated Ports : Time (s): cpu = 00:00:09 ; elapsed = 00:00:09 . Memory (MB): peak = 498.016 ; gain = 275.398
---------------------------------------------------------------------------------
---------------------------------------------------------------------------------
Start Writing Synthesis Report
---------------------------------------------------------------------------------

Report BlackBoxes: 
+-+--------------+----------+
| |BlackBox name |Instances |
+-+--------------+----------+
+-+--------------+----------+

Report Cell Usage: 
+------+-------+------+
|      |Cell   |Count |
+------+-------+------+
|1     |BUFG   |     1|
|2     |CARRY4 |     8|
|3     |LUT1   |     3|
|4     |LUT2   |    16|
|5     |LUT3   |    43|
|6     |LUT4   |    40|
|7     |LUT5   |    51|
|8     |LUT6   |   138|
|9     |FDRE   |    68|
|10    |FDSE   |     6|
|11    |IBUF   |    18|
|12    |OBUF   |    16|
+------+-------+------+

Report Instance Areas: 
+------+---------+---------+------+
|      |Instance |Module   |Cells |
+------+---------+---------+------+
|1     |top      |         |   408|
|2     |  fadd   |fp_add_2 |   264|
+------+---------+---------+------+
---------------------------------------------------------------------------------
Finished Writing Synthesis Report : Time (s): cpu = 00:00:09 ; elapsed = 00:00:10 . Memory (MB): peak = 498.016 ; gain = 275.398
---------------------------------------------------------------------------------
Synthesis finished with 0 errors, 106 critical warnings and 146 warnings.
Synthesis Optimization Runtime : Time (s): cpu = 00:00:07 ; elapsed = 00:00:08 . Memory (MB): peak = 498.016 ; gain = 240.621
Synthesis Optimization Complete : Time (s): cpu = 00:00:09 ; elapsed = 00:00:10 . Memory (MB): peak = 498.016 ; gain = 275.398
INFO: [Project 1-571] Translating synthesized netlist
INFO: [Netlist 29-17] Analyzing 26 Unisim elements for replacement
INFO: [Netlist 29-28] Unisim Transformation completed in 0 CPU seconds
INFO: [Project 1-570] Preparing netlist for logic optimization
INFO: [Opt 31-138] Pushed 2 inverter(s) to 69 load pin(s).
INFO: [Project 1-111] Unisim Transformation Summary:
No Unisim elements were transformed.

INFO: [Common 17-83] Releasing license: Synthesis
17 Infos, 105 Warnings, 106 Critical Warnings and 0 Errors encountered.
synth_design completed successfully
synth_design: Time (s): cpu = 00:00:08 ; elapsed = 00:00:09 . Memory (MB): peak = 533.227 ; gain = 297.969
report_utilization: Time (s): cpu = 00:00:00 ; elapsed = 00:00:00.026 . Memory (MB): peak = 533.227 ; gain = 0.000
INFO: [Common 17-206] Exiting Vivado at Sun Jun 07 01:07:57 2020...
